<!DOCTYPE html PUBLIC "-//W3C//DTD XHTML 1.1//EN" "http://www.w3.org/TR/xhtml11/DTD/xhtml11.dtd">
<html xmlns="http://www.w3.org/1999/xhtml">
<head>
<title>TestNG:  Unit Test</title>
<style type="text/css">
table caption,table.info_table,table.result,table.passed,table.failed {margin-bottom:10px;border:1px solid #000099;border-collapse:collapse;empty-cells:show;}
table.info_table td,table.info_table th,table.result td,table.result th,table.passed td,table.passed th,table.failed td,table.failed th {
border:1px solid #000099;padding:.25em .5em .25em .5em
}
table.result th {vertical-align:bottom}
tr.param th {padding-left:1em;padding-right:1em}
tr.param td {padding-left:.5em;padding-right:2em}
td.numi,th.numi,td.numi_attn {
text-align:right
}
tr.total td {font-weight:bold}
table caption {
text-align:center;font-weight:bold;
}
table.passed tr.stripe td,table tr.passedodd td {background-color: #00AA00;}
table.passed td,table tr.passedeven td {background-color: #33FF33;}
table.passed tr.stripe td,table tr.skippedodd td {background-color: #cccccc;}
table.passed td,table tr.skippedodd td {background-color: #dddddd;}
table.failed tr.stripe td,table tr.failedodd td,table.result td.numi_attn {background-color: #FF3333;}
table.failed td,table tr.failedeven td,table.result tr.stripe td.numi_attn {background-color: #DD0000;}
tr.stripe td,tr.stripe th {background-color: #E6EBF9;}
p.totop {font-size:85%;text-align:center;border-bottom:2px black solid}
div.shootout {padding:2em;border:3px #4854A8 solid}
</style>
</head>
<body>
<table cellspacing="0" cellpadding="0" class="result">
<tr><th>Test</th><th class="numi">Methods<br/>Passed</th><th class="numi">Scenarios<br/>Passed</th><th class="numi"># skipped</th><th class="numi"># failed</th><th class="numi">Total<br/>Time</th><th class="numi">Included<br/>Groups</th><th class="numi">Excluded<br/>Groups</th></tr>
<tr><td style="text-align:left;padding-right:2em">Command line test</td><td class="numi">1</td><td class="numi">1</td><td class="numi_attn">18</td><td class="numi">0</td><td class="numi">4,8 seconds</td><td class="numi"></td><td class="numi"></td></tr>
</table>
<table cellspacing="0" cellpadding="0" class="passed" id="summary">
<tr><th>Class</th><th>Method</th><th># of<br/>Scenarios</th><th>Start</th><th>Time<br/>(ms)</th></tr>
<tr><th colspan="4">Command line test &#8212; failed (configuration methods)</th></tr>
<tr class="failedodd"><td rowspan="2">com.vhealth.api.service.ItemAdminServiceTest</td><td><a href="#m1"><b>springTestContextAfterTestMethod</b>  </a></td><td class="numi">2</td><td>1401826171031</td><td class="numi">6</td></tr><tr class="failedodd"><td><a href="#m2"><b>springTestContextAfterTestMethod</b>  </a></td><td class="numi">2</td><td>1401826171031</td><td class="numi">6</td></tr>
<tr class="failedeven"><td rowspan="4">com.vhealth.api.dao.ItemDaoTest</td><td><a href="#m3"><b>springTestContextAfterTestMethod</b>  </a></td><td class="numi">4</td><td>1401826171044</td><td class="numi">14</td></tr><tr class="failedeven"><td><a href="#m4"><b>springTestContextAfterTestMethod</b>  </a></td><td class="numi">4</td><td>1401826171044</td><td class="numi">14</td></tr><tr class="failedeven"><td><a href="#m5"><b>springTestContextAfterTestMethod</b>  </a></td><td class="numi">4</td><td>1401826171044</td><td class="numi">14</td></tr><tr class="failedeven"><td><a href="#m6"><b>springTestContextAfterTestMethod</b>  </a></td><td class="numi">4</td><td>1401826171044</td><td class="numi">14</td></tr>
<tr class="failedodd"><td rowspan="2">com.vhealth.api.dao.UserDaoTest</td><td><a href="#m7"><b>springTestContextAfterTestMethod</b>  </a></td><td class="numi">2</td><td>1401826171067</td><td class="numi">5</td></tr><tr class="failedodd"><td><a href="#m8"><b>springTestContextAfterTestMethod</b>  </a></td><td class="numi">2</td><td>1401826171067</td><td class="numi">5</td></tr>
<tr class="failedeven"><td rowspan="2">com.vhealth.api.service.UserServiceTest</td><td><a href="#m9"><b>springTestContextAfterTestMethod</b>  </a></td><td class="numi">2</td><td>1401826171078</td><td class="numi">6</td></tr><tr class="failedeven"><td><a href="#m10"><b>springTestContextAfterTestMethod</b>  </a></td><td class="numi">2</td><td>1401826171078</td><td class="numi">6</td></tr>
<tr class="failedodd"><td rowspan="1">com.vhealth.api.entity.AuditListenerTest</td><td><a href="#m11"><b>springTestContextPrepareTestInstance</b>  </a></td><td class="numi">1</td><td>1401826166282</td><td class="numi">0</td></tr>
<tr><th colspan="4">Command line test &#8212; skipped (configuration methods)</th></tr>
<tr class="skippedodd"><td rowspan="1">com.vhealth.api.dao.UserDaoTest</td><td><a href="#m12"><b>springTestContextBeforeTestMethod</b>  </a></td><td class="numi">2</td><td>1401826171066</td><td class="numi">5</td></tr>
<tr class="skippedeven"><td rowspan="2">com.vhealth.api.service.UserServiceTest</td><td><a href="#m13"><b>springTestContextBeforeTestMethod</b>  </a></td><td class="numi">2</td><td>1401826171078</td><td class="numi">6</td></tr><tr class="skippedeven"><td><a href="#m14"><b>springTestContextPrepareTestInstance</b>  </a></td><td class="numi">1</td><td>1401826171077</td><td class="numi">0</td></tr>
<tr class="skippedodd"><td rowspan="1">com.vhealth.api.entity.AuditListenerTest</td><td><a href="#m15"><b>springTestContextBeforeTestMethod</b>  </a></td><td class="numi">1</td><td>1401826171025</td><td class="numi">0</td></tr>
<tr class="skippedeven"><td rowspan="1">com.vhealth.api.dao.ItemDaoTest</td><td><a href="#m16"><b>springTestContextBeforeTestMethod</b>  </a></td><td class="numi">4</td><td>1401826171043</td><td class="numi">15</td></tr>
<tr class="skippedodd"><td rowspan="1">com.vhealth.api.service.ItemAdminServiceTest</td><td><a href="#m17"><b>springTestContextBeforeTestMethod</b>  </a></td><td class="numi">2</td><td>1401826171030</td><td class="numi">7</td></tr>
<tr class="skippedeven"><td rowspan="1">com.vhealth.api.dao.UserDaoTest</td><td><a href="#m18"><b>springTestContextBeforeTestClass</b>  </a></td><td class="numi">1</td><td>1401826171066</td><td class="numi">0</td></tr>
<tr class="skippedodd"><td rowspan="1">com.vhealth.api.service.UserServiceTest</td><td><a href="#m19"><b>springTestContextBeforeTestClass</b>  </a></td><td class="numi">1</td><td>1401826171077</td><td class="numi">0</td></tr>
<tr class="skippedeven"><td rowspan="2">com.vhealth.api.service.ItemAdminServiceTest</td><td><a href="#m20"><b>springTestContextBeforeTestClass</b>  </a></td><td class="numi">1</td><td>1401826171029</td><td class="numi">0</td></tr><tr class="skippedeven"><td><a href="#m21"><b>springTestContextPrepareTestInstance</b>  </a></td><td class="numi">1</td><td>1401826171029</td><td class="numi">0</td></tr>
<tr class="skippedodd"><td rowspan="2">com.vhealth.api.dao.ItemDaoTest</td><td><a href="#m22"><b>springTestContextPrepareTestInstance</b>  </a></td><td class="numi">1</td><td>1401826171043</td><td class="numi">0</td></tr><tr class="skippedodd"><td><a href="#m23"><b>springTestContextBeforeTestClass</b>  </a></td><td class="numi">1</td><td>1401826171042</td><td class="numi">0</td></tr>
<tr class="skippedeven"><td rowspan="1">com.vhealth.api.dao.UserDaoTest</td><td><a href="#m24"><b>springTestContextPrepareTestInstance</b>  </a></td><td class="numi">1</td><td>1401826171066</td><td class="numi">0</td></tr>
<tr><th colspan="4">Command line test &#8212; skipped</th></tr>
<tr class="skippedodd"><td rowspan="1">com.vhealth.api.entity.AuditListenerTest</td><td><a href="#m25"><b>shouldAddCreateOnDateAutomatically</b>  </a></td><td class="numi">1</td><td>1401826171025</td><td class="numi">1</td></tr>
<tr class="skippedeven"><td rowspan="2">com.vhealth.api.service.UserServiceTest</td><td><a href="#m26"><b>shouldFindAllUsers</b>  </a></td><td class="numi">1</td><td>1401826171078</td><td class="numi">0</td></tr><tr class="skippedeven"><td><a href="#m27"><b>shouldFindExistingUser</b>  </a></td><td class="numi">1</td><td>1401826171084</td><td class="numi">0</td></tr>
<tr class="skippedodd"><td rowspan="1">com.vhealth.api.service.ItemAdminServiceTest</td><td><a href="#m28"><b>shouldFindItemById</b>  </a></td><td class="numi">1</td><td>1401826171030</td><td class="numi">0</td></tr>
<tr class="skippedeven"><td rowspan="1">com.vhealth.api.dao.ItemDaoTest</td><td><a href="#m29"><b>shouldFindItemById</b>  </a></td><td class="numi">1</td><td>1401826171043</td><td class="numi">0</td></tr>
<tr class="skippedodd"><td rowspan="1">com.vhealth.api.service.ItemAdminServiceTest</td><td><a href="#m30"><b>shouldFindItemByName</b>  </a></td><td class="numi">1</td><td>1401826171037</td><td class="numi">0</td></tr>
<tr class="skippedeven"><td rowspan="3">com.vhealth.api.dao.ItemDaoTest</td><td><a href="#m31"><b>shouldFindItemItemName</b>  </a></td><td class="numi">1</td><td>1401826171048</td><td class="numi">1</td></tr><tr class="skippedeven"><td><a href="#m32"><b>shouldReturnNullIfNotFindItemById</b>  </a></td><td class="numi">1</td><td>1401826171053</td><td class="numi">1</td></tr><tr class="skippedeven"><td><a href="#m33"><b>shouldReturnNullIfNotFindItemByName</b>  </a></td><td class="numi">1</td><td>1401826171058</td><td class="numi">0</td></tr>
<tr class="skippedodd"><td rowspan="2">com.vhealth.api.dao.UserDaoTest</td><td><a href="#m34"><b>shouldReturnNullIfUserNotFound</b>  </a></td><td class="numi">1</td><td>1401826171067</td><td class="numi">0</td></tr><tr class="skippedodd"><td><a href="#m35"><b>shouldSearchUserByUsername</b>  </a></td><td class="numi">1</td><td>1401826171071</td><td class="numi">1</td></tr>
<tr class="skippedeven"><td rowspan="1">com.vhealth.api.service.ItemAdminServiceTest</td><td><a href="#m36"><b>shouldUpdateItem</b>  </a></td><td class="numi">1</td><td>1401826171095</td><td class="numi">2</td></tr>
<tr class="skippedodd"><td rowspan="1">com.vhealth.api.service.UserServiceTest</td><td><a href="#m37"><b>shouldUpdateUser</b>  </a></td><td class="numi">1</td><td>1401826171094</td><td class="numi">0</td></tr>
<tr class="skippedeven"><td rowspan="1">com.vhealth.api.service.ItemAdminServiceTest</td><td><a href="#m38"><b>shouldAddItem</b>  </a></td><td class="numi">1</td><td>1401826171092</td><td class="numi">0</td></tr>
<tr class="skippedodd"><td rowspan="2">com.vhealth.api.service.UserServiceTest</td><td><a href="#m39"><b>shouldDeleteUser</b>  </a></td><td class="numi">1</td><td>1401826171093</td><td class="numi">0</td></tr><tr class="skippedodd"><td><a href="#m40"><b>shouldAddUser</b>  </a></td><td class="numi">1</td><td>1401826171093</td><td class="numi">0</td></tr>
<tr class="skippedeven"><td rowspan="1">com.vhealth.api.entity.AuditListenerTest</td><td><a href="#m41"><b>shouldAddModifiedOnDateAutomatically</b>  </a></td><td class="numi">1</td><td>1401826171090</td><td class="numi">1</td></tr>
<tr class="skippedodd"><td rowspan="1">com.vhealth.api.service.ItemAdminServiceTest</td><td><a href="#m42"><b>shouldDeleteItem</b>  </a></td><td class="numi">1</td><td>1401826171095</td><td class="numi">0</td></tr>
<tr><th colspan="4">Command line test &#8212; passed</th></tr>
<tr class="passedodd"><td rowspan="1">helpers.TestHelperTest</td><td><a href="#m43"><b>shouldEncodeBase64userNameAndPassword</b>  </a></td><td class="numi">1</td><td>1401826171063</td><td class="numi">3</td></tr>
</table>
<h1>Command line test</h1>
<h2 id="m1">com.vhealth.api.dao.ItemDaoTest:springTestContextAfterTestMethod</h2>
<table cellspacing="0" cellpadding="0" class="result">
<tr class="param"><th>Parameter #1</th></tr>
<tr class="param stripe"><td>public void com.vhealth.api.dao.ItemDaoTest.shouldFindItemItemName()</td>
</tr>
<tr><td style="padding-left:3em" colspan="1">
<p>null</p>
com.github.springtestdbunit.DbUnitRunner.afterTestMethod(DbUnitRunner.java:93)
<br/>at com.github.springtestdbunit.DbUnitTestExecutionListener.afterTestMethod(DbUnitTestExecutionListener.java:141)
<br/>at org.springframework.test.context.TestContextManager.afterTestMethod(TestContextManager.java:395)
<br/>at org.springframework.test.context.testng.AbstractTestNGSpringContextTests.springTestContextAfterTestMethod(AbstractTestNGSpringContextTests.java:176)
<br/>at sun.reflect.NativeMethodAccessorImpl.invoke0(Native Method)
<br/>at sun.reflect.NativeMethodAccessorImpl.invoke(NativeMethodAccessorImpl.java:57)
<br/>at sun.reflect.DelegatingMethodAccessorImpl.invoke(DelegatingMethodAccessorImpl.java:43)
<br/>at java.lang.reflect.Method.invoke(Method.java:601)
<br/>at org.testng.internal.MethodInvocationHelper.invokeMethod(MethodInvocationHelper.java:80)
<br/>at org.testng.internal.Invoker.invokeConfigurationMethod(Invoker.java:564)
<br/>at org.testng.internal.Invoker.invokeConfigurations(Invoker.java:213)
<br/>at org.testng.internal.Invoker.invokeMethod(Invoker.java:786)
<br/>at org.testng.internal.Invoker.invokeTestMethod(Invoker.java:901)
<br/>at org.testng.internal.Invoker.invokeTestMethods(Invoker.java:1231)
<br/>at org.testng.internal.TestMethodWorker.invokeTestMethods(TestMethodWorker.java:127)
<br/>at org.testng.internal.TestMethodWorker.run(TestMethodWorker.java:111)
<br/>at org.testng.TestRunner.privateRun(TestRunner.java:767)
<br/>at org.testng.TestRunner.run(TestRunner.java:617)
<br/>at org.testng.SuiteRunner.runTest(SuiteRunner.java:334)
<br/>at org.testng.SuiteRunner.runSequentially(SuiteRunner.java:329)
<br/>at org.testng.SuiteRunner.privateRun(SuiteRunner.java:291)
<br/>at org.testng.SuiteRunner.run(SuiteRunner.java:240)
<br/>at org.testng.SuiteRunnerWorker.runSuite(SuiteRunnerWorker.java:52)
<br/>at org.testng.SuiteRunnerWorker.run(SuiteRunnerWorker.java:86)
<br/>at org.testng.TestNG.runSuitesSequentially(TestNG.java:1198)
<br/>at org.testng.TestNG.runSuitesLocally(TestNG.java:1123)
<br/>at org.testng.TestNG.run(TestNG.java:1031)
<br/>at org.apache.maven.surefire.testng.TestNGExecutor.run(TestNGExecutor.java:76)
<br/>at org.apache.maven.surefire.testng.TestNGDirectoryTestSuite.executeMulti(TestNGDirectoryTestSuite.java:161)
<br/>at org.apache.maven.surefire.testng.TestNGDirectoryTestSuite.execute(TestNGDirectoryTestSuite.java:101)
<br/>at org.apache.maven.surefire.testng.TestNGProvider.invoke(TestNGProvider.java:115)
<br/>at sun.reflect.NativeMethodAccessorImpl.invoke0(Native Method)
<br/>at sun.reflect.NativeMethodAccessorImpl.invoke(NativeMethodAccessorImpl.java:57)
<br/>at sun.reflect.DelegatingMethodAccessorImpl.invoke(DelegatingMethodAccessorImpl.java:43)
<br/>at java.lang.reflect.Method.invoke(Method.java:601)
<br/>at org.apache.maven.surefire.util.ReflectionUtils.invokeMethodWithArray(ReflectionUtils.java:189)
<br/>at org.apache.maven.surefire.booter.ProviderFactory$ProviderProxy.invoke(ProviderFactory.java:165)
<br/>at org.apache.maven.surefire.booter.ProviderFactory.invokeProvider(ProviderFactory.java:85)
<br/>at org.apache.maven.surefire.booter.ForkedBooter.runSuitesInProcess(ForkedBooter.java:103)
<br/>at org.apache.maven.surefire.booter.ForkedBooter.main(ForkedBooter.java:74)
<br/>1 lines not shown
</td></tr>
</table>
<p class="totop"><a href="#summary">back to summary</a></p>
<h2 id="m2">com.vhealth.api.dao.UserDaoTest:springTestContextAfterTestMethod</h2>
<table cellspacing="0" cellpadding="0" class="result">
<tr class="param"><th>Parameter #1</th></tr>
<tr class="param stripe"><td>public void com.vhealth.api.dao.UserDaoTest.shouldReturnNullIfUserNotFound() throws java.lang.Exception</td>
</tr>
<tr><td style="padding-left:3em" colspan="1">
<p>null</p>
com.github.springtestdbunit.DbUnitRunner.afterTestMethod(DbUnitRunner.java:93)
<br/>at com.github.springtestdbunit.DbUnitTestExecutionListener.afterTestMethod(DbUnitTestExecutionListener.java:141)
<br/>at org.springframework.test.context.TestContextManager.afterTestMethod(TestContextManager.java:395)
<br/>at org.springframework.test.context.testng.AbstractTestNGSpringContextTests.springTestContextAfterTestMethod(AbstractTestNGSpringContextTests.java:176)
<br/>at sun.reflect.NativeMethodAccessorImpl.invoke0(Native Method)
<br/>at sun.reflect.NativeMethodAccessorImpl.invoke(NativeMethodAccessorImpl.java:57)
<br/>at sun.reflect.DelegatingMethodAccessorImpl.invoke(DelegatingMethodAccessorImpl.java:43)
<br/>at java.lang.reflect.Method.invoke(Method.java:601)
<br/>at org.testng.internal.MethodInvocationHelper.invokeMethod(MethodInvocationHelper.java:80)
<br/>at org.testng.internal.Invoker.invokeConfigurationMethod(Invoker.java:564)
<br/>at org.testng.internal.Invoker.invokeConfigurations(Invoker.java:213)
<br/>at org.testng.internal.Invoker.invokeMethod(Invoker.java:786)
<br/>at org.testng.internal.Invoker.invokeTestMethod(Invoker.java:901)
<br/>at org.testng.internal.Invoker.invokeTestMethods(Invoker.java:1231)
<br/>at org.testng.internal.TestMethodWorker.invokeTestMethods(TestMethodWorker.java:127)
<br/>at org.testng.internal.TestMethodWorker.run(TestMethodWorker.java:111)
<br/>at org.testng.TestRunner.privateRun(TestRunner.java:767)
<br/>at org.testng.TestRunner.run(TestRunner.java:617)
<br/>at org.testng.SuiteRunner.runTest(SuiteRunner.java:334)
<br/>at org.testng.SuiteRunner.runSequentially(SuiteRunner.java:329)
<br/>at org.testng.SuiteRunner.privateRun(SuiteRunner.java:291)
<br/>at org.testng.SuiteRunner.run(SuiteRunner.java:240)
<br/>at org.testng.SuiteRunnerWorker.runSuite(SuiteRunnerWorker.java:52)
<br/>at org.testng.SuiteRunnerWorker.run(SuiteRunnerWorker.java:86)
<br/>at org.testng.TestNG.runSuitesSequentially(TestNG.java:1198)
<br/>at org.testng.TestNG.runSuitesLocally(TestNG.java:1123)
<br/>at org.testng.TestNG.run(TestNG.java:1031)
<br/>at org.apache.maven.surefire.testng.TestNGExecutor.run(TestNGExecutor.java:76)
<br/>at org.apache.maven.surefire.testng.TestNGDirectoryTestSuite.executeMulti(TestNGDirectoryTestSuite.java:161)
<br/>at org.apache.maven.surefire.testng.TestNGDirectoryTestSuite.execute(TestNGDirectoryTestSuite.java:101)
<br/>at org.apache.maven.surefire.testng.TestNGProvider.invoke(TestNGProvider.java:115)
<br/>at sun.reflect.NativeMethodAccessorImpl.invoke0(Native Method)
<br/>at sun.reflect.NativeMethodAccessorImpl.invoke(NativeMethodAccessorImpl.java:57)
<br/>at sun.reflect.DelegatingMethodAccessorImpl.invoke(DelegatingMethodAccessorImpl.java:43)
<br/>at java.lang.reflect.Method.invoke(Method.java:601)
<br/>at org.apache.maven.surefire.util.ReflectionUtils.invokeMethodWithArray(ReflectionUtils.java:189)
<br/>at org.apache.maven.surefire.booter.ProviderFactory$ProviderProxy.invoke(ProviderFactory.java:165)
<br/>at org.apache.maven.surefire.booter.ProviderFactory.invokeProvider(ProviderFactory.java:85)
<br/>at org.apache.maven.surefire.booter.ForkedBooter.runSuitesInProcess(ForkedBooter.java:103)
<br/>at org.apache.maven.surefire.booter.ForkedBooter.main(ForkedBooter.java:74)
<br/>1 lines not shown
</td></tr>
</table>
<p class="totop"><a href="#summary">back to summary</a></p>
<h2 id="m3">com.vhealth.api.entity.AuditListenerTest:springTestContextPrepareTestInstance</h2>
<div style="padding-left:3em">
<p>Failed to load ApplicationContext</p>
org.springframework.test.context.CacheAwareContextLoaderDelegate.loadContext(CacheAwareContextLoaderDelegate.java:99)
<br/>at org.springframework.test.context.TestContext.getApplicationContext(TestContext.java:122)
<br/>at org.springframework.test.context.support.DependencyInjectionTestExecutionListener.injectDependencies(DependencyInjectionTestExecutionListener.java:109)
<br/>at org.springframework.test.context.support.DependencyInjectionTestExecutionListener.prepareTestInstance(DependencyInjectionTestExecutionListener.java:75)
<br/>at org.springframework.test.context.TestContextManager.prepareTestInstance(TestContextManager.java:312)
<br/>at org.springframework.test.context.testng.AbstractTestNGSpringContextTests.springTestContextPrepareTestInstance(AbstractTestNGSpringContextTests.java:130)
<br/>at sun.reflect.NativeMethodAccessorImpl.invoke0(Native Method)
<br/>at sun.reflect.NativeMethodAccessorImpl.invoke(NativeMethodAccessorImpl.java:57)
<br/>at sun.reflect.DelegatingMethodAccessorImpl.invoke(DelegatingMethodAccessorImpl.java:43)
<br/>at java.lang.reflect.Method.invoke(Method.java:601)
<br/>at org.testng.internal.MethodInvocationHelper.invokeMethod(MethodInvocationHelper.java:80)
<br/>at org.testng.internal.Invoker.invokeConfigurationMethod(Invoker.java:564)
<br/>at org.testng.internal.Invoker.invokeConfigurations(Invoker.java:213)
<br/>at org.testng.internal.Invoker.invokeConfigurations(Invoker.java:138)
<br/>at org.testng.internal.TestMethodWorker.invokeBeforeClassMethods(TestMethodWorker.java:175)
<br/>at org.testng.internal.TestMethodWorker.run(TestMethodWorker.java:107)
<br/>at org.testng.TestRunner.privateRun(TestRunner.java:767)
<br/>at org.testng.TestRunner.run(TestRunner.java:617)
<br/>at org.testng.SuiteRunner.runTest(SuiteRunner.java:334)
<br/>at org.testng.SuiteRunner.runSequentially(SuiteRunner.java:329)
<br/>at org.testng.SuiteRunner.privateRun(SuiteRunner.java:291)
<br/>at org.testng.SuiteRunner.run(SuiteRunner.java:240)
<br/>at org.testng.SuiteRunnerWorker.runSuite(SuiteRunnerWorker.java:52)
<br/>at org.testng.SuiteRunnerWorker.run(SuiteRunnerWorker.java:86)
<br/>at org.testng.TestNG.runSuitesSequentially(TestNG.java:1198)
<br/>at org.testng.TestNG.runSuitesLocally(TestNG.java:1123)
<br/>at org.testng.TestNG.run(TestNG.java:1031)
<br/>at org.apache.maven.surefire.testng.TestNGExecutor.run(TestNGExecutor.java:76)
<br/>at org.apache.maven.surefire.testng.TestNGDirectoryTestSuite.executeMulti(TestNGDirectoryTestSuite.java:161)
<br/>at org.apache.maven.surefire.testng.TestNGDirectoryTestSuite.execute(TestNGDirectoryTestSuite.java:101)
<br/>at org.apache.maven.surefire.testng.TestNGProvider.invoke(TestNGProvider.java:115)
<br/>at sun.reflect.NativeMethodAccessorImpl.invoke0(Native Method)
<br/>at sun.reflect.NativeMethodAccessorImpl.invoke(NativeMethodAccessorImpl.java:57)
<br/>at sun.reflect.DelegatingMethodAccessorImpl.invoke(DelegatingMethodAccessorImpl.java:43)
<br/>at java.lang.reflect.Method.invoke(Method.java:601)
<br/>at org.apache.maven.surefire.util.ReflectionUtils.invokeMethodWithArray(ReflectionUtils.java:189)
<br/>at org.apache.maven.surefire.booter.ProviderFactory$ProviderProxy.invoke(ProviderFactory.java:165)
<br/>at org.apache.maven.surefire.booter.ProviderFactory.invokeProvider(ProviderFactory.java:85)
<br/>at org.apache.maven.surefire.booter.ForkedBooter.runSuitesInProcess(ForkedBooter.java:103)
<br/>at org.apache.maven.surefire.booter.ForkedBooter.main(ForkedBooter.java:74)
<br/>1 lines not shown
<p>Caused by Error creating bean with name &apos;shouldSaveItemSteps&apos;: Injection of autowired dependencies failed; nested exception is org.springframework.beans.factory.BeanCreationException: Could not autowire field: private org.springframework.web.context.WebApplicationContext com.vhealth.api.jbehave.steps.ShouldSaveItemSteps.wac; nested exception is org.springframework.beans.factory.NoSuchBeanDefinitionException: No qualifying bean of type [org.springframework.web.context.WebApplicationContext] found for dependency: expected at least 1 bean which qualifies as autowire candidate for this dependency. Dependency annotations: {@org.springframework.beans.factory.annotation.Autowired(required=true)}</p>
org.springframework.beans.factory.annotation.AutowiredAnnotationBeanPostProcessor.postProcessPropertyValues(AutowiredAnnotationBeanPostProcessor.java:288)
<br/>at org.springframework.beans.factory.support.AbstractAutowireCapableBeanFactory.populateBean(AbstractAutowireCapableBeanFactory.java:1116)
<br/>at org.springframework.beans.factory.support.AbstractAutowireCapableBeanFactory.doCreateBean(AbstractAutowireCapableBeanFactory.java:519)
<br/>at org.springframework.beans.factory.support.AbstractAutowireCapableBeanFactory.createBean(AbstractAutowireCapableBeanFactory.java:458)
<br/>at org.springframework.beans.factory.support.AbstractBeanFactory$1.getObject(AbstractBeanFactory.java:295)
<br/>at org.springframework.beans.factory.support.DefaultSingletonBeanRegistry.getSingleton(DefaultSingletonBeanRegistry.java:223)
<br/>at org.springframework.beans.factory.support.AbstractBeanFactory.doGetBean(AbstractBeanFactory.java:292)
<br/>at org.springframework.beans.factory.support.AbstractBeanFactory.getBean(AbstractBeanFactory.java:194)
<br/>at org.springframework.beans.factory.support.DefaultListableBeanFactory.preInstantiateSingletons(DefaultListableBeanFactory.java:628)
<br/>at org.springframework.context.support.AbstractApplicationContext.finishBeanFactoryInitialization(AbstractApplicationContext.java:932)
<br/>at org.springframework.context.support.AbstractApplicationContext.refresh(AbstractApplicationContext.java:479)
<br/>at org.springframework.test.context.support.AbstractGenericContextLoader.loadContext(AbstractGenericContextLoader.java:120)
<br/>at org.springframework.test.context.support.AbstractGenericContextLoader.loadContext(AbstractGenericContextLoader.java:60)
<br/>at org.springframework.test.context.support.AbstractDelegatingSmartContextLoader.delegateLoading(AbstractDelegatingSmartContextLoader.java:100)
<br/>at org.springframework.test.context.support.AbstractDelegatingSmartContextLoader.loadContext(AbstractDelegatingSmartContextLoader.java:248)
<br/>at org.springframework.test.context.CacheAwareContextLoaderDelegate.loadContextInternal(CacheAwareContextLoaderDelegate.java:64)
<br/>at org.springframework.test.context.CacheAwareContextLoaderDelegate.loadContext(CacheAwareContextLoaderDelegate.java:91)
<br/>at org.springframework.test.context.TestContext.getApplicationContext(TestContext.java:122)
<br/>at org.springframework.test.context.support.DependencyInjectionTestExecutionListener.injectDependencies(DependencyInjectionTestExecutionListener.java:109)
<br/>at org.springframework.test.context.support.DependencyInjectionTestExecutionListener.prepareTestInstance(DependencyInjectionTestExecutionListener.java:75)
<br/>at org.springframework.test.context.TestContextManager.prepareTestInstance(TestContextManager.java:312)
<br/>at org.springframework.test.context.testng.AbstractTestNGSpringContextTests.springTestContextPrepareTestInstance(AbstractTestNGSpringContextTests.java:130)
<br/>at sun.reflect.NativeMethodAccessorImpl.invoke0(Native Method)
<br/>at sun.reflect.NativeMethodAccessorImpl.invoke(NativeMethodAccessorImpl.java:57)
<br/>at sun.reflect.DelegatingMethodAccessorImpl.invoke(DelegatingMethodAccessorImpl.java:43)
<br/>at java.lang.reflect.Method.invoke(Method.java:601)
<br/>at org.testng.internal.MethodInvocationHelper.invokeMethod(MethodInvocationHelper.java:80)
<br/>at org.testng.internal.Invoker.invokeConfigurationMethod(Invoker.java:564)
<br/>at org.testng.internal.Invoker.invokeConfigurations(Invoker.java:213)
<br/>at org.testng.internal.Invoker.invokeConfigurations(Invoker.java:138)
<br/>at org.testng.internal.TestMethodWorker.invokeBeforeClassMethods(TestMethodWorker.java:175)
<br/>at org.testng.internal.TestMethodWorker.run(TestMethodWorker.java:107)
<br/>at org.testng.TestRunner.privateRun(TestRunner.java:767)
<br/>at org.testng.TestRunner.run(TestRunner.java:617)
<br/>at org.testng.SuiteRunner.runTest(SuiteRunner.java:334)
<br/>at org.testng.SuiteRunner.runSequentially(SuiteRunner.java:329)
<br/>at org.testng.SuiteRunner.privateRun(SuiteRunner.java:291)
<br/>at org.testng.SuiteRunner.run(SuiteRunner.java:240)
<br/>at org.testng.SuiteRunnerWorker.runSuite(SuiteRunnerWorker.java:52)
<br/>at org.testng.SuiteRunnerWorker.run(SuiteRunnerWorker.java:86)
<br/>at org.testng.TestNG.runSuitesSequentially(TestNG.java:1198)
<br/>at org.testng.TestNG.runSuitesLocally(TestNG.java:1123)
<br/>at org.testng.TestNG.run(TestNG.java:1031)
<br/>at org.apache.maven.surefire.testng.TestNGExecutor.run(TestNGExecutor.java:76)
<br/>at org.apache.maven.surefire.testng.TestNGDirectoryTestSuite.executeMulti(TestNGDirectoryTestSuite.java:161)
<br/>at org.apache.maven.surefire.testng.TestNGDirectoryTestSuite.execute(TestNGDirectoryTestSuite.java:101)
<br/>at org.apache.maven.surefire.testng.TestNGProvider.invoke(TestNGProvider.java:115)
<br/>at sun.reflect.NativeMethodAccessorImpl.invoke0(Native Method)
<br/>at sun.reflect.NativeMethodAccessorImpl.invoke(NativeMethodAccessorImpl.java:57)
<br/>at sun.reflect.DelegatingMethodAccessorImpl.invoke(DelegatingMethodAccessorImpl.java:43)
<br/>at java.lang.reflect.Method.invoke(Method.java:601)
<br/>at org.apache.maven.surefire.util.ReflectionUtils.invokeMethodWithArray(ReflectionUtils.java:189)
<br/>at org.apache.maven.surefire.booter.ProviderFactory$ProviderProxy.invoke(ProviderFactory.java:165)
<br/>at org.apache.maven.surefire.booter.ProviderFactory.invokeProvider(ProviderFactory.java:85)
<br/>at org.apache.maven.surefire.booter.ForkedBooter.runSuitesInProcess(ForkedBooter.java:103)
<br/>at org.apache.maven.surefire.booter.ForkedBooter.main(ForkedBooter.java:74)
<br/>1 lines not shown
<p>Caused by Could not autowire field: private org.springframework.web.context.WebApplicationContext com.vhealth.api.jbehave.steps.ShouldSaveItemSteps.wac; nested exception is org.springframework.beans.factory.NoSuchBeanDefinitionException: No qualifying bean of type [org.springframework.web.context.WebApplicationContext] found for dependency: expected at least 1 bean which qualifies as autowire candidate for this dependency. Dependency annotations: {@org.springframework.beans.factory.annotation.Autowired(required=true)}</p>
org.springframework.beans.factory.annotation.AutowiredAnnotationBeanPostProcessor$AutowiredFieldElement.inject(AutowiredAnnotationBeanPostProcessor.java:514)
<br/>at org.springframework.beans.factory.annotation.InjectionMetadata.inject(InjectionMetadata.java:87)
<br/>at org.springframework.beans.factory.annotation.AutowiredAnnotationBeanPostProcessor.postProcessPropertyValues(AutowiredAnnotationBeanPostProcessor.java:285)
<br/>at org.springframework.beans.factory.support.AbstractAutowireCapableBeanFactory.populateBean(AbstractAutowireCapableBeanFactory.java:1116)
<br/>at org.springframework.beans.factory.support.AbstractAutowireCapableBeanFactory.doCreateBean(AbstractAutowireCapableBeanFactory.java:519)
<br/>at org.springframework.beans.factory.support.AbstractAutowireCapableBeanFactory.createBean(AbstractAutowireCapableBeanFactory.java:458)
<br/>at org.springframework.beans.factory.support.AbstractBeanFactory$1.getObject(AbstractBeanFactory.java:295)
<br/>at org.springframework.beans.factory.support.DefaultSingletonBeanRegistry.getSingleton(DefaultSingletonBeanRegistry.java:223)
<br/>at org.springframework.beans.factory.support.AbstractBeanFactory.doGetBean(AbstractBeanFactory.java:292)
<br/>at org.springframework.beans.factory.support.AbstractBeanFactory.getBean(AbstractBeanFactory.java:194)
<br/>at org.springframework.beans.factory.support.DefaultListableBeanFactory.preInstantiateSingletons(DefaultListableBeanFactory.java:628)
<br/>at org.springframework.context.support.AbstractApplicationContext.finishBeanFactoryInitialization(AbstractApplicationContext.java:932)
<br/>at org.springframework.context.support.AbstractApplicationContext.refresh(AbstractApplicationContext.java:479)
<br/>at org.springframework.test.context.support.AbstractGenericContextLoader.loadContext(AbstractGenericContextLoader.java:120)
<br/>at org.springframework.test.context.support.AbstractGenericContextLoader.loadContext(AbstractGenericContextLoader.java:60)
<br/>at org.springframework.test.context.support.AbstractDelegatingSmartContextLoader.delegateLoading(AbstractDelegatingSmartContextLoader.java:100)
<br/>at org.springframework.test.context.support.AbstractDelegatingSmartContextLoader.loadContext(AbstractDelegatingSmartContextLoader.java:248)
<br/>at org.springframework.test.context.CacheAwareContextLoaderDelegate.loadContextInternal(CacheAwareContextLoaderDelegate.java:64)
<br/>at org.springframework.test.context.CacheAwareContextLoaderDelegate.loadContext(CacheAwareContextLoaderDelegate.java:91)
<br/>at org.springframework.test.context.TestContext.getApplicationContext(TestContext.java:122)
<br/>at org.springframework.test.context.support.DependencyInjectionTestExecutionListener.injectDependencies(DependencyInjectionTestExecutionListener.java:109)
<br/>at org.springframework.test.context.support.DependencyInjectionTestExecutionListener.prepareTestInstance(DependencyInjectionTestExecutionListener.java:75)
<br/>at org.springframework.test.context.TestContextManager.prepareTestInstance(TestContextManager.java:312)
<br/>at org.springframework.test.context.testng.AbstractTestNGSpringContextTests.springTestContextPrepareTestInstance(AbstractTestNGSpringContextTests.java:130)
<br/>at sun.reflect.NativeMethodAccessorImpl.invoke0(Native Method)
<br/>at sun.reflect.NativeMethodAccessorImpl.invoke(NativeMethodAccessorImpl.java:57)
<br/>at sun.reflect.DelegatingMethodAccessorImpl.invoke(DelegatingMethodAccessorImpl.java:43)
<br/>at java.lang.reflect.Method.invoke(Method.java:601)
<br/>at org.testng.internal.MethodInvocationHelper.invokeMethod(MethodInvocationHelper.java:80)
<br/>at org.testng.internal.Invoker.invokeConfigurationMethod(Invoker.java:564)
<br/>at org.testng.internal.Invoker.invokeConfigurations(Invoker.java:213)
<br/>at org.testng.internal.Invoker.invokeConfigurations(Invoker.java:138)
<br/>at org.testng.internal.TestMethodWorker.invokeBeforeClassMethods(TestMethodWorker.java:175)
<br/>at org.testng.internal.TestMethodWorker.run(TestMethodWorker.java:107)
<br/>at org.testng.TestRunner.privateRun(TestRunner.java:767)
<br/>at org.testng.TestRunner.run(TestRunner.java:617)
<br/>at org.testng.SuiteRunner.runTest(SuiteRunner.java:334)
<br/>at org.testng.SuiteRunner.runSequentially(SuiteRunner.java:329)
<br/>at org.testng.SuiteRunner.privateRun(SuiteRunner.java:291)
<br/>at org.testng.SuiteRunner.run(SuiteRunner.java:240)
<br/>at org.testng.SuiteRunnerWorker.runSuite(SuiteRunnerWorker.java:52)
<br/>at org.testng.SuiteRunnerWorker.run(SuiteRunnerWorker.java:86)
<br/>at org.testng.TestNG.runSuitesSequentially(TestNG.java:1198)
<br/>at org.testng.TestNG.runSuitesLocally(TestNG.java:1123)
<br/>at org.testng.TestNG.run(TestNG.java:1031)
<br/>at org.apache.maven.surefire.testng.TestNGExecutor.run(TestNGExecutor.java:76)
<br/>at org.apache.maven.surefire.testng.TestNGDirectoryTestSuite.executeMulti(TestNGDirectoryTestSuite.java:161)
<br/>at org.apache.maven.surefire.testng.TestNGDirectoryTestSuite.execute(TestNGDirectoryTestSuite.java:101)
<br/>at org.apache.maven.surefire.testng.TestNGProvider.invoke(TestNGProvider.java:115)
<br/>at sun.reflect.NativeMethodAccessorImpl.invoke0(Native Method)
<br/>at sun.reflect.NativeMethodAccessorImpl.invoke(NativeMethodAccessorImpl.java:57)
<br/>at sun.reflect.DelegatingMethodAccessorImpl.invoke(DelegatingMethodAccessorImpl.java:43)
<br/>at java.lang.reflect.Method.invoke(Method.java:601)
<br/>at org.apache.maven.surefire.util.ReflectionUtils.invokeMethodWithArray(ReflectionUtils.java:189)
<br/>at org.apache.maven.surefire.booter.ProviderFactory$ProviderProxy.invoke(ProviderFactory.java:165)
<br/>at org.apache.maven.surefire.booter.ProviderFactory.invokeProvider(ProviderFactory.java:85)
<br/>at org.apache.maven.surefire.booter.ForkedBooter.runSuitesInProcess(ForkedBooter.java:103)
<br/>at org.apache.maven.surefire.booter.ForkedBooter.main(ForkedBooter.java:74)
<br/>1 lines not shown
<p>Caused by No qualifying bean of type [org.springframework.web.context.WebApplicationContext] found for dependency: expected at least 1 bean which qualifies as autowire candidate for this dependency. Dependency annotations: {@org.springframework.beans.factory.annotation.Autowired(required=true)}</p>
org.springframework.beans.factory.support.DefaultListableBeanFactory.raiseNoSuchBeanDefinitionException(DefaultListableBeanFactory.java:988)
<br/>at org.springframework.beans.factory.support.DefaultListableBeanFactory.doResolveDependency(DefaultListableBeanFactory.java:858)
<br/>at org.springframework.beans.factory.support.DefaultListableBeanFactory.resolveDependency(DefaultListableBeanFactory.java:770)
<br/>at org.springframework.beans.factory.annotation.AutowiredAnnotationBeanPostProcessor$AutowiredFieldElement.inject(AutowiredAnnotationBeanPostProcessor.java:486)
<br/>at org.springframework.beans.factory.annotation.InjectionMetadata.inject(InjectionMetadata.java:87)
<br/>at org.springframework.beans.factory.annotation.AutowiredAnnotationBeanPostProcessor.postProcessPropertyValues(AutowiredAnnotationBeanPostProcessor.java:285)
<br/>at org.springframework.beans.factory.support.AbstractAutowireCapableBeanFactory.populateBean(AbstractAutowireCapableBeanFactory.java:1116)
<br/>at org.springframework.beans.factory.support.AbstractAutowireCapableBeanFactory.doCreateBean(AbstractAutowireCapableBeanFactory.java:519)
<br/>at org.springframework.beans.factory.support.AbstractAutowireCapableBeanFactory.createBean(AbstractAutowireCapableBeanFactory.java:458)
<br/>at org.springframework.beans.factory.support.AbstractBeanFactory$1.getObject(AbstractBeanFactory.java:295)
<br/>at org.springframework.beans.factory.support.DefaultSingletonBeanRegistry.getSingleton(DefaultSingletonBeanRegistry.java:223)
<br/>at org.springframework.beans.factory.support.AbstractBeanFactory.doGetBean(AbstractBeanFactory.java:292)
<br/>at org.springframework.beans.factory.support.AbstractBeanFactory.getBean(AbstractBeanFactory.java:194)
<br/>at org.springframework.beans.factory.support.DefaultListableBeanFactory.preInstantiateSingletons(DefaultListableBeanFactory.java:628)
<br/>at org.springframework.context.support.AbstractApplicationContext.finishBeanFactoryInitialization(AbstractApplicationContext.java:932)
<br/>at org.springframework.context.support.AbstractApplicationContext.refresh(AbstractApplicationContext.java:479)
<br/>at org.springframework.test.context.support.AbstractGenericContextLoader.loadContext(AbstractGenericContextLoader.java:120)
<br/>at org.springframework.test.context.support.AbstractGenericContextLoader.loadContext(AbstractGenericContextLoader.java:60)
<br/>at org.springframework.test.context.support.AbstractDelegatingSmartContextLoader.delegateLoading(AbstractDelegatingSmartContextLoader.java:100)
<br/>at org.springframework.test.context.support.AbstractDelegatingSmartContextLoader.loadContext(AbstractDelegatingSmartContextLoader.java:248)
<br/>at org.springframework.test.context.CacheAwareContextLoaderDelegate.loadContextInternal(CacheAwareContextLoaderDelegate.java:64)
<br/>at org.springframework.test.context.CacheAwareContextLoaderDelegate.loadContext(CacheAwareContextLoaderDelegate.java:91)
<br/>at org.springframework.test.context.TestContext.getApplicationContext(TestContext.java:122)
<br/>at org.springframework.test.context.support.DependencyInjectionTestExecutionListener.injectDependencies(DependencyInjectionTestExecutionListener.java:109)
<br/>at org.springframework.test.context.support.DependencyInjectionTestExecutionListener.prepareTestInstance(DependencyInjectionTestExecutionListener.java:75)
<br/>at org.springframework.test.context.TestContextManager.prepareTestInstance(TestContextManager.java:312)
<br/>at org.springframework.test.context.testng.AbstractTestNGSpringContextTests.springTestContextPrepareTestInstance(AbstractTestNGSpringContextTests.java:130)
<br/>at sun.reflect.NativeMethodAccessorImpl.invoke0(Native Method)
<br/>at sun.reflect.NativeMethodAccessorImpl.invoke(NativeMethodAccessorImpl.java:57)
<br/>at sun.reflect.DelegatingMethodAccessorImpl.invoke(DelegatingMethodAccessorImpl.java:43)
<br/>at java.lang.reflect.Method.invoke(Method.java:601)
<br/>at org.testng.internal.MethodInvocationHelper.invokeMethod(MethodInvocationHelper.java:80)
<br/>at org.testng.internal.Invoker.invokeConfigurationMethod(Invoker.java:564)
<br/>at org.testng.internal.Invoker.invokeConfigurations(Invoker.java:213)
<br/>at org.testng.internal.Invoker.invokeConfigurations(Invoker.java:138)
<br/>at org.testng.internal.TestMethodWorker.invokeBeforeClassMethods(TestMethodWorker.java:175)
<br/>at org.testng.internal.TestMethodWorker.run(TestMethodWorker.java:107)
<br/>at org.testng.TestRunner.privateRun(TestRunner.java:767)
<br/>at org.testng.TestRunner.run(TestRunner.java:617)
<br/>at org.testng.SuiteRunner.runTest(SuiteRunner.java:334)
<br/>at org.testng.SuiteRunner.runSequentially(SuiteRunner.java:329)
<br/>at org.testng.SuiteRunner.privateRun(SuiteRunner.java:291)
<br/>at org.testng.SuiteRunner.run(SuiteRunner.java:240)
<br/>at org.testng.SuiteRunnerWorker.runSuite(SuiteRunnerWorker.java:52)
<br/>at org.testng.SuiteRunnerWorker.run(SuiteRunnerWorker.java:86)
<br/>at org.testng.TestNG.runSuitesSequentially(TestNG.java:1198)
<br/>at org.testng.TestNG.runSuitesLocally(TestNG.java:1123)
<br/>at org.testng.TestNG.run(TestNG.java:1031)
<br/>at org.apache.maven.surefire.testng.TestNGExecutor.run(TestNGExecutor.java:76)
<br/>at org.apache.maven.surefire.testng.TestNGDirectoryTestSuite.executeMulti(TestNGDirectoryTestSuite.java:161)
<br/>at org.apache.maven.surefire.testng.TestNGDirectoryTestSuite.execute(TestNGDirectoryTestSuite.java:101)
<br/>at org.apache.maven.surefire.testng.TestNGProvider.invoke(TestNGProvider.java:115)
<br/>at sun.reflect.NativeMethodAccessorImpl.invoke0(Native Method)
<br/>at sun.reflect.NativeMethodAccessorImpl.invoke(NativeMethodAccessorImpl.java:57)
<br/>at sun.reflect.DelegatingMethodAccessorImpl.invoke(DelegatingMethodAccessorImpl.java:43)
<br/>at java.lang.reflect.Method.invoke(Method.java:601)
<br/>at org.apache.maven.surefire.util.ReflectionUtils.invokeMethodWithArray(ReflectionUtils.java:189)
<br/>at org.apache.maven.surefire.booter.ProviderFactory$ProviderProxy.invoke(ProviderFactory.java:165)
<br/>at org.apache.maven.surefire.booter.ProviderFactory.invokeProvider(ProviderFactory.java:85)
<br/>at org.apache.maven.surefire.booter.ForkedBooter.runSuitesInProcess(ForkedBooter.java:103)
<br/>at org.apache.maven.surefire.booter.ForkedBooter.main(ForkedBooter.java:74)
<br/>1 lines not shown
</div>
<p class="totop"><a href="#summary">back to summary</a></p>
<h2 id="m4">com.vhealth.api.dao.UserDaoTest:springTestContextAfterTestMethod</h2>
<table cellspacing="0" cellpadding="0" class="result">
<tr class="param"><th>Parameter #1</th></tr>
<tr class="param stripe"><td>public void com.vhealth.api.dao.UserDaoTest.shouldSearchUserByUsername() throws java.lang.Exception</td>
</tr>
<tr><td style="padding-left:3em" colspan="1">
<p>null</p>
com.github.springtestdbunit.DbUnitRunner.afterTestMethod(DbUnitRunner.java:93)
<br/>at com.github.springtestdbunit.DbUnitTestExecutionListener.afterTestMethod(DbUnitTestExecutionListener.java:141)
<br/>at org.springframework.test.context.TestContextManager.afterTestMethod(TestContextManager.java:395)
<br/>at org.springframework.test.context.testng.AbstractTestNGSpringContextTests.springTestContextAfterTestMethod(AbstractTestNGSpringContextTests.java:176)
<br/>at sun.reflect.NativeMethodAccessorImpl.invoke0(Native Method)
<br/>at sun.reflect.NativeMethodAccessorImpl.invoke(NativeMethodAccessorImpl.java:57)
<br/>at sun.reflect.DelegatingMethodAccessorImpl.invoke(DelegatingMethodAccessorImpl.java:43)
<br/>at java.lang.reflect.Method.invoke(Method.java:601)
<br/>at org.testng.internal.MethodInvocationHelper.invokeMethod(MethodInvocationHelper.java:80)
<br/>at org.testng.internal.Invoker.invokeConfigurationMethod(Invoker.java:564)
<br/>at org.testng.internal.Invoker.invokeConfigurations(Invoker.java:213)
<br/>at org.testng.internal.Invoker.invokeMethod(Invoker.java:786)
<br/>at org.testng.internal.Invoker.invokeTestMethod(Invoker.java:901)
<br/>at org.testng.internal.Invoker.invokeTestMethods(Invoker.java:1231)
<br/>at org.testng.internal.TestMethodWorker.invokeTestMethods(TestMethodWorker.java:127)
<br/>at org.testng.internal.TestMethodWorker.run(TestMethodWorker.java:111)
<br/>at org.testng.TestRunner.privateRun(TestRunner.java:767)
<br/>at org.testng.TestRunner.run(TestRunner.java:617)
<br/>at org.testng.SuiteRunner.runTest(SuiteRunner.java:334)
<br/>at org.testng.SuiteRunner.runSequentially(SuiteRunner.java:329)
<br/>at org.testng.SuiteRunner.privateRun(SuiteRunner.java:291)
<br/>at org.testng.SuiteRunner.run(SuiteRunner.java:240)
<br/>at org.testng.SuiteRunnerWorker.runSuite(SuiteRunnerWorker.java:52)
<br/>at org.testng.SuiteRunnerWorker.run(SuiteRunnerWorker.java:86)
<br/>at org.testng.TestNG.runSuitesSequentially(TestNG.java:1198)
<br/>at org.testng.TestNG.runSuitesLocally(TestNG.java:1123)
<br/>at org.testng.TestNG.run(TestNG.java:1031)
<br/>at org.apache.maven.surefire.testng.TestNGExecutor.run(TestNGExecutor.java:76)
<br/>at org.apache.maven.surefire.testng.TestNGDirectoryTestSuite.executeMulti(TestNGDirectoryTestSuite.java:161)
<br/>at org.apache.maven.surefire.testng.TestNGDirectoryTestSuite.execute(TestNGDirectoryTestSuite.java:101)
<br/>at org.apache.maven.surefire.testng.TestNGProvider.invoke(TestNGProvider.java:115)
<br/>at sun.reflect.NativeMethodAccessorImpl.invoke0(Native Method)
<br/>at sun.reflect.NativeMethodAccessorImpl.invoke(NativeMethodAccessorImpl.java:57)
<br/>at sun.reflect.DelegatingMethodAccessorImpl.invoke(DelegatingMethodAccessorImpl.java:43)
<br/>at java.lang.reflect.Method.invoke(Method.java:601)
<br/>at org.apache.maven.surefire.util.ReflectionUtils.invokeMethodWithArray(ReflectionUtils.java:189)
<br/>at org.apache.maven.surefire.booter.ProviderFactory$ProviderProxy.invoke(ProviderFactory.java:165)
<br/>at org.apache.maven.surefire.booter.ProviderFactory.invokeProvider(ProviderFactory.java:85)
<br/>at org.apache.maven.surefire.booter.ForkedBooter.runSuitesInProcess(ForkedBooter.java:103)
<br/>at org.apache.maven.surefire.booter.ForkedBooter.main(ForkedBooter.java:74)
<br/>1 lines not shown
</td></tr>
</table>
<p class="totop"><a href="#summary">back to summary</a></p>
<h2 id="m5">com.vhealth.api.dao.ItemDaoTest:springTestContextAfterTestMethod</h2>
<table cellspacing="0" cellpadding="0" class="result">
<tr class="param"><th>Parameter #1</th></tr>
<tr class="param stripe"><td>public void com.vhealth.api.dao.ItemDaoTest.shouldReturnNullIfNotFindItemById()</td>
</tr>
<tr><td style="padding-left:3em" colspan="1">
<p>null</p>
com.github.springtestdbunit.DbUnitRunner.afterTestMethod(DbUnitRunner.java:93)
<br/>at com.github.springtestdbunit.DbUnitTestExecutionListener.afterTestMethod(DbUnitTestExecutionListener.java:141)
<br/>at org.springframework.test.context.TestContextManager.afterTestMethod(TestContextManager.java:395)
<br/>at org.springframework.test.context.testng.AbstractTestNGSpringContextTests.springTestContextAfterTestMethod(AbstractTestNGSpringContextTests.java:176)
<br/>at sun.reflect.NativeMethodAccessorImpl.invoke0(Native Method)
<br/>at sun.reflect.NativeMethodAccessorImpl.invoke(NativeMethodAccessorImpl.java:57)
<br/>at sun.reflect.DelegatingMethodAccessorImpl.invoke(DelegatingMethodAccessorImpl.java:43)
<br/>at java.lang.reflect.Method.invoke(Method.java:601)
<br/>at org.testng.internal.MethodInvocationHelper.invokeMethod(MethodInvocationHelper.java:80)
<br/>at org.testng.internal.Invoker.invokeConfigurationMethod(Invoker.java:564)
<br/>at org.testng.internal.Invoker.invokeConfigurations(Invoker.java:213)
<br/>at org.testng.internal.Invoker.invokeMethod(Invoker.java:786)
<br/>at org.testng.internal.Invoker.invokeTestMethod(Invoker.java:901)
<br/>at org.testng.internal.Invoker.invokeTestMethods(Invoker.java:1231)
<br/>at org.testng.internal.TestMethodWorker.invokeTestMethods(TestMethodWorker.java:127)
<br/>at org.testng.internal.TestMethodWorker.run(TestMethodWorker.java:111)
<br/>at org.testng.TestRunner.privateRun(TestRunner.java:767)
<br/>at org.testng.TestRunner.run(TestRunner.java:617)
<br/>at org.testng.SuiteRunner.runTest(SuiteRunner.java:334)
<br/>at org.testng.SuiteRunner.runSequentially(SuiteRunner.java:329)
<br/>at org.testng.SuiteRunner.privateRun(SuiteRunner.java:291)
<br/>at org.testng.SuiteRunner.run(SuiteRunner.java:240)
<br/>at org.testng.SuiteRunnerWorker.runSuite(SuiteRunnerWorker.java:52)
<br/>at org.testng.SuiteRunnerWorker.run(SuiteRunnerWorker.java:86)
<br/>at org.testng.TestNG.runSuitesSequentially(TestNG.java:1198)
<br/>at org.testng.TestNG.runSuitesLocally(TestNG.java:1123)
<br/>at org.testng.TestNG.run(TestNG.java:1031)
<br/>at org.apache.maven.surefire.testng.TestNGExecutor.run(TestNGExecutor.java:76)
<br/>at org.apache.maven.surefire.testng.TestNGDirectoryTestSuite.executeMulti(TestNGDirectoryTestSuite.java:161)
<br/>at org.apache.maven.surefire.testng.TestNGDirectoryTestSuite.execute(TestNGDirectoryTestSuite.java:101)
<br/>at org.apache.maven.surefire.testng.TestNGProvider.invoke(TestNGProvider.java:115)
<br/>at sun.reflect.NativeMethodAccessorImpl.invoke0(Native Method)
<br/>at sun.reflect.NativeMethodAccessorImpl.invoke(NativeMethodAccessorImpl.java:57)
<br/>at sun.reflect.DelegatingMethodAccessorImpl.invoke(DelegatingMethodAccessorImpl.java:43)
<br/>at java.lang.reflect.Method.invoke(Method.java:601)
<br/>at org.apache.maven.surefire.util.ReflectionUtils.invokeMethodWithArray(ReflectionUtils.java:189)
<br/>at org.apache.maven.surefire.booter.ProviderFactory$ProviderProxy.invoke(ProviderFactory.java:165)
<br/>at org.apache.maven.surefire.booter.ProviderFactory.invokeProvider(ProviderFactory.java:85)
<br/>at org.apache.maven.surefire.booter.ForkedBooter.runSuitesInProcess(ForkedBooter.java:103)
<br/>at org.apache.maven.surefire.booter.ForkedBooter.main(ForkedBooter.java:74)
<br/>1 lines not shown
</td></tr>
</table>
<p class="totop"><a href="#summary">back to summary</a></p>
<h2 id="m6">com.vhealth.api.service.UserServiceTest:springTestContextAfterTestMethod</h2>
<table cellspacing="0" cellpadding="0" class="result">
<tr class="param"><th>Parameter #1</th></tr>
<tr class="param stripe"><td>public void com.vhealth.api.service.UserServiceTest.shouldFindAllUsers() throws java.lang.Exception</td>
</tr>
<tr><td style="padding-left:3em" colspan="1">
<p>null</p>
com.github.springtestdbunit.DbUnitRunner.afterTestMethod(DbUnitRunner.java:93)
<br/>at com.github.springtestdbunit.DbUnitTestExecutionListener.afterTestMethod(DbUnitTestExecutionListener.java:141)
<br/>at org.springframework.test.context.TestContextManager.afterTestMethod(TestContextManager.java:395)
<br/>at org.springframework.test.context.testng.AbstractTestNGSpringContextTests.springTestContextAfterTestMethod(AbstractTestNGSpringContextTests.java:176)
<br/>at sun.reflect.NativeMethodAccessorImpl.invoke0(Native Method)
<br/>at sun.reflect.NativeMethodAccessorImpl.invoke(NativeMethodAccessorImpl.java:57)
<br/>at sun.reflect.DelegatingMethodAccessorImpl.invoke(DelegatingMethodAccessorImpl.java:43)
<br/>at java.lang.reflect.Method.invoke(Method.java:601)
<br/>at org.testng.internal.MethodInvocationHelper.invokeMethod(MethodInvocationHelper.java:80)
<br/>at org.testng.internal.Invoker.invokeConfigurationMethod(Invoker.java:564)
<br/>at org.testng.internal.Invoker.invokeConfigurations(Invoker.java:213)
<br/>at org.testng.internal.Invoker.invokeMethod(Invoker.java:786)
<br/>at org.testng.internal.Invoker.invokeTestMethod(Invoker.java:901)
<br/>at org.testng.internal.Invoker.invokeTestMethods(Invoker.java:1231)
<br/>at org.testng.internal.TestMethodWorker.invokeTestMethods(TestMethodWorker.java:127)
<br/>at org.testng.internal.TestMethodWorker.run(TestMethodWorker.java:111)
<br/>at org.testng.TestRunner.privateRun(TestRunner.java:767)
<br/>at org.testng.TestRunner.run(TestRunner.java:617)
<br/>at org.testng.SuiteRunner.runTest(SuiteRunner.java:334)
<br/>at org.testng.SuiteRunner.runSequentially(SuiteRunner.java:329)
<br/>at org.testng.SuiteRunner.privateRun(SuiteRunner.java:291)
<br/>at org.testng.SuiteRunner.run(SuiteRunner.java:240)
<br/>at org.testng.SuiteRunnerWorker.runSuite(SuiteRunnerWorker.java:52)
<br/>at org.testng.SuiteRunnerWorker.run(SuiteRunnerWorker.java:86)
<br/>at org.testng.TestNG.runSuitesSequentially(TestNG.java:1198)
<br/>at org.testng.TestNG.runSuitesLocally(TestNG.java:1123)
<br/>at org.testng.TestNG.run(TestNG.java:1031)
<br/>at org.apache.maven.surefire.testng.TestNGExecutor.run(TestNGExecutor.java:76)
<br/>at org.apache.maven.surefire.testng.TestNGDirectoryTestSuite.executeMulti(TestNGDirectoryTestSuite.java:161)
<br/>at org.apache.maven.surefire.testng.TestNGDirectoryTestSuite.execute(TestNGDirectoryTestSuite.java:101)
<br/>at org.apache.maven.surefire.testng.TestNGProvider.invoke(TestNGProvider.java:115)
<br/>at sun.reflect.NativeMethodAccessorImpl.invoke0(Native Method)
<br/>at sun.reflect.NativeMethodAccessorImpl.invoke(NativeMethodAccessorImpl.java:57)
<br/>at sun.reflect.DelegatingMethodAccessorImpl.invoke(DelegatingMethodAccessorImpl.java:43)
<br/>at java.lang.reflect.Method.invoke(Method.java:601)
<br/>at org.apache.maven.surefire.util.ReflectionUtils.invokeMethodWithArray(ReflectionUtils.java:189)
<br/>at org.apache.maven.surefire.booter.ProviderFactory$ProviderProxy.invoke(ProviderFactory.java:165)
<br/>at org.apache.maven.surefire.booter.ProviderFactory.invokeProvider(ProviderFactory.java:85)
<br/>at org.apache.maven.surefire.booter.ForkedBooter.runSuitesInProcess(ForkedBooter.java:103)
<br/>at org.apache.maven.surefire.booter.ForkedBooter.main(ForkedBooter.java:74)
<br/>1 lines not shown
</td></tr>
</table>
<p class="totop"><a href="#summary">back to summary</a></p>
<h2 id="m7">com.vhealth.api.dao.ItemDaoTest:springTestContextAfterTestMethod</h2>
<table cellspacing="0" cellpadding="0" class="result">
<tr class="param"><th>Parameter #1</th></tr>
<tr class="param stripe"><td>public void com.vhealth.api.dao.ItemDaoTest.shouldReturnNullIfNotFindItemByName()</td>
</tr>
<tr><td style="padding-left:3em" colspan="1">
<p>null</p>
com.github.springtestdbunit.DbUnitRunner.afterTestMethod(DbUnitRunner.java:93)
<br/>at com.github.springtestdbunit.DbUnitTestExecutionListener.afterTestMethod(DbUnitTestExecutionListener.java:141)
<br/>at org.springframework.test.context.TestContextManager.afterTestMethod(TestContextManager.java:395)
<br/>at org.springframework.test.context.testng.AbstractTestNGSpringContextTests.springTestContextAfterTestMethod(AbstractTestNGSpringContextTests.java:176)
<br/>at sun.reflect.NativeMethodAccessorImpl.invoke0(Native Method)
<br/>at sun.reflect.NativeMethodAccessorImpl.invoke(NativeMethodAccessorImpl.java:57)
<br/>at sun.reflect.DelegatingMethodAccessorImpl.invoke(DelegatingMethodAccessorImpl.java:43)
<br/>at java.lang.reflect.Method.invoke(Method.java:601)
<br/>at org.testng.internal.MethodInvocationHelper.invokeMethod(MethodInvocationHelper.java:80)
<br/>at org.testng.internal.Invoker.invokeConfigurationMethod(Invoker.java:564)
<br/>at org.testng.internal.Invoker.invokeConfigurations(Invoker.java:213)
<br/>at org.testng.internal.Invoker.invokeMethod(Invoker.java:786)
<br/>at org.testng.internal.Invoker.invokeTestMethod(Invoker.java:901)
<br/>at org.testng.internal.Invoker.invokeTestMethods(Invoker.java:1231)
<br/>at org.testng.internal.TestMethodWorker.invokeTestMethods(TestMethodWorker.java:127)
<br/>at org.testng.internal.TestMethodWorker.run(TestMethodWorker.java:111)
<br/>at org.testng.TestRunner.privateRun(TestRunner.java:767)
<br/>at org.testng.TestRunner.run(TestRunner.java:617)
<br/>at org.testng.SuiteRunner.runTest(SuiteRunner.java:334)
<br/>at org.testng.SuiteRunner.runSequentially(SuiteRunner.java:329)
<br/>at org.testng.SuiteRunner.privateRun(SuiteRunner.java:291)
<br/>at org.testng.SuiteRunner.run(SuiteRunner.java:240)
<br/>at org.testng.SuiteRunnerWorker.runSuite(SuiteRunnerWorker.java:52)
<br/>at org.testng.SuiteRunnerWorker.run(SuiteRunnerWorker.java:86)
<br/>at org.testng.TestNG.runSuitesSequentially(TestNG.java:1198)
<br/>at org.testng.TestNG.runSuitesLocally(TestNG.java:1123)
<br/>at org.testng.TestNG.run(TestNG.java:1031)
<br/>at org.apache.maven.surefire.testng.TestNGExecutor.run(TestNGExecutor.java:76)
<br/>at org.apache.maven.surefire.testng.TestNGDirectoryTestSuite.executeMulti(TestNGDirectoryTestSuite.java:161)
<br/>at org.apache.maven.surefire.testng.TestNGDirectoryTestSuite.execute(TestNGDirectoryTestSuite.java:101)
<br/>at org.apache.maven.surefire.testng.TestNGProvider.invoke(TestNGProvider.java:115)
<br/>at sun.reflect.NativeMethodAccessorImpl.invoke0(Native Method)
<br/>at sun.reflect.NativeMethodAccessorImpl.invoke(NativeMethodAccessorImpl.java:57)
<br/>at sun.reflect.DelegatingMethodAccessorImpl.invoke(DelegatingMethodAccessorImpl.java:43)
<br/>at java.lang.reflect.Method.invoke(Method.java:601)
<br/>at org.apache.maven.surefire.util.ReflectionUtils.invokeMethodWithArray(ReflectionUtils.java:189)
<br/>at org.apache.maven.surefire.booter.ProviderFactory$ProviderProxy.invoke(ProviderFactory.java:165)
<br/>at org.apache.maven.surefire.booter.ProviderFactory.invokeProvider(ProviderFactory.java:85)
<br/>at org.apache.maven.surefire.booter.ForkedBooter.runSuitesInProcess(ForkedBooter.java:103)
<br/>at org.apache.maven.surefire.booter.ForkedBooter.main(ForkedBooter.java:74)
<br/>1 lines not shown
</td></tr>
</table>
<p class="totop"><a href="#summary">back to summary</a></p>
<h2 id="m8">com.vhealth.api.service.ItemAdminServiceTest:springTestContextAfterTestMethod</h2>
<table cellspacing="0" cellpadding="0" class="result">
<tr class="param"><th>Parameter #1</th></tr>
<tr class="param stripe"><td>public void com.vhealth.api.service.ItemAdminServiceTest.shouldFindItemByName()</td>
</tr>
<tr><td style="padding-left:3em" colspan="1">
<p>null</p>
com.github.springtestdbunit.DbUnitRunner.afterTestMethod(DbUnitRunner.java:93)
<br/>at com.github.springtestdbunit.DbUnitTestExecutionListener.afterTestMethod(DbUnitTestExecutionListener.java:141)
<br/>at org.springframework.test.context.TestContextManager.afterTestMethod(TestContextManager.java:395)
<br/>at org.springframework.test.context.testng.AbstractTestNGSpringContextTests.springTestContextAfterTestMethod(AbstractTestNGSpringContextTests.java:176)
<br/>at sun.reflect.NativeMethodAccessorImpl.invoke0(Native Method)
<br/>at sun.reflect.NativeMethodAccessorImpl.invoke(NativeMethodAccessorImpl.java:57)
<br/>at sun.reflect.DelegatingMethodAccessorImpl.invoke(DelegatingMethodAccessorImpl.java:43)
<br/>at java.lang.reflect.Method.invoke(Method.java:601)
<br/>at org.testng.internal.MethodInvocationHelper.invokeMethod(MethodInvocationHelper.java:80)
<br/>at org.testng.internal.Invoker.invokeConfigurationMethod(Invoker.java:564)
<br/>at org.testng.internal.Invoker.invokeConfigurations(Invoker.java:213)
<br/>at org.testng.internal.Invoker.invokeMethod(Invoker.java:786)
<br/>at org.testng.internal.Invoker.invokeTestMethod(Invoker.java:901)
<br/>at org.testng.internal.Invoker.invokeTestMethods(Invoker.java:1231)
<br/>at org.testng.internal.TestMethodWorker.invokeTestMethods(TestMethodWorker.java:127)
<br/>at org.testng.internal.TestMethodWorker.run(TestMethodWorker.java:111)
<br/>at org.testng.TestRunner.privateRun(TestRunner.java:767)
<br/>at org.testng.TestRunner.run(TestRunner.java:617)
<br/>at org.testng.SuiteRunner.runTest(SuiteRunner.java:334)
<br/>at org.testng.SuiteRunner.runSequentially(SuiteRunner.java:329)
<br/>at org.testng.SuiteRunner.privateRun(SuiteRunner.java:291)
<br/>at org.testng.SuiteRunner.run(SuiteRunner.java:240)
<br/>at org.testng.SuiteRunnerWorker.runSuite(SuiteRunnerWorker.java:52)
<br/>at org.testng.SuiteRunnerWorker.run(SuiteRunnerWorker.java:86)
<br/>at org.testng.TestNG.runSuitesSequentially(TestNG.java:1198)
<br/>at org.testng.TestNG.runSuitesLocally(TestNG.java:1123)
<br/>at org.testng.TestNG.run(TestNG.java:1031)
<br/>at org.apache.maven.surefire.testng.TestNGExecutor.run(TestNGExecutor.java:76)
<br/>at org.apache.maven.surefire.testng.TestNGDirectoryTestSuite.executeMulti(TestNGDirectoryTestSuite.java:161)
<br/>at org.apache.maven.surefire.testng.TestNGDirectoryTestSuite.execute(TestNGDirectoryTestSuite.java:101)
<br/>at org.apache.maven.surefire.testng.TestNGProvider.invoke(TestNGProvider.java:115)
<br/>at sun.reflect.NativeMethodAccessorImpl.invoke0(Native Method)
<br/>at sun.reflect.NativeMethodAccessorImpl.invoke(NativeMethodAccessorImpl.java:57)
<br/>at sun.reflect.DelegatingMethodAccessorImpl.invoke(DelegatingMethodAccessorImpl.java:43)
<br/>at java.lang.reflect.Method.invoke(Method.java:601)
<br/>at org.apache.maven.surefire.util.ReflectionUtils.invokeMethodWithArray(ReflectionUtils.java:189)
<br/>at org.apache.maven.surefire.booter.ProviderFactory$ProviderProxy.invoke(ProviderFactory.java:165)
<br/>at org.apache.maven.surefire.booter.ProviderFactory.invokeProvider(ProviderFactory.java:85)
<br/>at org.apache.maven.surefire.booter.ForkedBooter.runSuitesInProcess(ForkedBooter.java:103)
<br/>at org.apache.maven.surefire.booter.ForkedBooter.main(ForkedBooter.java:74)
<br/>1 lines not shown
</td></tr>
</table>
<p class="totop"><a href="#summary">back to summary</a></p>
<h2 id="m9">com.vhealth.api.service.UserServiceTest:springTestContextAfterTestMethod</h2>
<table cellspacing="0" cellpadding="0" class="result">
<tr class="param"><th>Parameter #1</th></tr>
<tr class="param stripe"><td>public void com.vhealth.api.service.UserServiceTest.shouldFindExistingUser() throws java.lang.Exception</td>
</tr>
<tr><td style="padding-left:3em" colspan="1">
<p>null</p>
com.github.springtestdbunit.DbUnitRunner.afterTestMethod(DbUnitRunner.java:93)
<br/>at com.github.springtestdbunit.DbUnitTestExecutionListener.afterTestMethod(DbUnitTestExecutionListener.java:141)
<br/>at org.springframework.test.context.TestContextManager.afterTestMethod(TestContextManager.java:395)
<br/>at org.springframework.test.context.testng.AbstractTestNGSpringContextTests.springTestContextAfterTestMethod(AbstractTestNGSpringContextTests.java:176)
<br/>at sun.reflect.NativeMethodAccessorImpl.invoke0(Native Method)
<br/>at sun.reflect.NativeMethodAccessorImpl.invoke(NativeMethodAccessorImpl.java:57)
<br/>at sun.reflect.DelegatingMethodAccessorImpl.invoke(DelegatingMethodAccessorImpl.java:43)
<br/>at java.lang.reflect.Method.invoke(Method.java:601)
<br/>at org.testng.internal.MethodInvocationHelper.invokeMethod(MethodInvocationHelper.java:80)
<br/>at org.testng.internal.Invoker.invokeConfigurationMethod(Invoker.java:564)
<br/>at org.testng.internal.Invoker.invokeConfigurations(Invoker.java:213)
<br/>at org.testng.internal.Invoker.invokeMethod(Invoker.java:786)
<br/>at org.testng.internal.Invoker.invokeTestMethod(Invoker.java:901)
<br/>at org.testng.internal.Invoker.invokeTestMethods(Invoker.java:1231)
<br/>at org.testng.internal.TestMethodWorker.invokeTestMethods(TestMethodWorker.java:127)
<br/>at org.testng.internal.TestMethodWorker.run(TestMethodWorker.java:111)
<br/>at org.testng.TestRunner.privateRun(TestRunner.java:767)
<br/>at org.testng.TestRunner.run(TestRunner.java:617)
<br/>at org.testng.SuiteRunner.runTest(SuiteRunner.java:334)
<br/>at org.testng.SuiteRunner.runSequentially(SuiteRunner.java:329)
<br/>at org.testng.SuiteRunner.privateRun(SuiteRunner.java:291)
<br/>at org.testng.SuiteRunner.run(SuiteRunner.java:240)
<br/>at org.testng.SuiteRunnerWorker.runSuite(SuiteRunnerWorker.java:52)
<br/>at org.testng.SuiteRunnerWorker.run(SuiteRunnerWorker.java:86)
<br/>at org.testng.TestNG.runSuitesSequentially(TestNG.java:1198)
<br/>at org.testng.TestNG.runSuitesLocally(TestNG.java:1123)
<br/>at org.testng.TestNG.run(TestNG.java:1031)
<br/>at org.apache.maven.surefire.testng.TestNGExecutor.run(TestNGExecutor.java:76)
<br/>at org.apache.maven.surefire.testng.TestNGDirectoryTestSuite.executeMulti(TestNGDirectoryTestSuite.java:161)
<br/>at org.apache.maven.surefire.testng.TestNGDirectoryTestSuite.execute(TestNGDirectoryTestSuite.java:101)
<br/>at org.apache.maven.surefire.testng.TestNGProvider.invoke(TestNGProvider.java:115)
<br/>at sun.reflect.NativeMethodAccessorImpl.invoke0(Native Method)
<br/>at sun.reflect.NativeMethodAccessorImpl.invoke(NativeMethodAccessorImpl.java:57)
<br/>at sun.reflect.DelegatingMethodAccessorImpl.invoke(DelegatingMethodAccessorImpl.java:43)
<br/>at java.lang.reflect.Method.invoke(Method.java:601)
<br/>at org.apache.maven.surefire.util.ReflectionUtils.invokeMethodWithArray(ReflectionUtils.java:189)
<br/>at org.apache.maven.surefire.booter.ProviderFactory$ProviderProxy.invoke(ProviderFactory.java:165)
<br/>at org.apache.maven.surefire.booter.ProviderFactory.invokeProvider(ProviderFactory.java:85)
<br/>at org.apache.maven.surefire.booter.ForkedBooter.runSuitesInProcess(ForkedBooter.java:103)
<br/>at org.apache.maven.surefire.booter.ForkedBooter.main(ForkedBooter.java:74)
<br/>1 lines not shown
</td></tr>
</table>
<p class="totop"><a href="#summary">back to summary</a></p>
<h2 id="m10">com.vhealth.api.service.ItemAdminServiceTest:springTestContextAfterTestMethod</h2>
<table cellspacing="0" cellpadding="0" class="result">
<tr class="param"><th>Parameter #1</th></tr>
<tr class="param stripe"><td>public void com.vhealth.api.service.ItemAdminServiceTest.shouldFindItemById()</td>
</tr>
<tr><td style="padding-left:3em" colspan="1">
<p>null</p>
com.github.springtestdbunit.DbUnitRunner.afterTestMethod(DbUnitRunner.java:93)
<br/>at com.github.springtestdbunit.DbUnitTestExecutionListener.afterTestMethod(DbUnitTestExecutionListener.java:141)
<br/>at org.springframework.test.context.TestContextManager.afterTestMethod(TestContextManager.java:395)
<br/>at org.springframework.test.context.testng.AbstractTestNGSpringContextTests.springTestContextAfterTestMethod(AbstractTestNGSpringContextTests.java:176)
<br/>at sun.reflect.NativeMethodAccessorImpl.invoke0(Native Method)
<br/>at sun.reflect.NativeMethodAccessorImpl.invoke(NativeMethodAccessorImpl.java:57)
<br/>at sun.reflect.DelegatingMethodAccessorImpl.invoke(DelegatingMethodAccessorImpl.java:43)
<br/>at java.lang.reflect.Method.invoke(Method.java:601)
<br/>at org.testng.internal.MethodInvocationHelper.invokeMethod(MethodInvocationHelper.java:80)
<br/>at org.testng.internal.Invoker.invokeConfigurationMethod(Invoker.java:564)
<br/>at org.testng.internal.Invoker.invokeConfigurations(Invoker.java:213)
<br/>at org.testng.internal.Invoker.invokeMethod(Invoker.java:786)
<br/>at org.testng.internal.Invoker.invokeTestMethod(Invoker.java:901)
<br/>at org.testng.internal.Invoker.invokeTestMethods(Invoker.java:1231)
<br/>at org.testng.internal.TestMethodWorker.invokeTestMethods(TestMethodWorker.java:127)
<br/>at org.testng.internal.TestMethodWorker.run(TestMethodWorker.java:111)
<br/>at org.testng.TestRunner.privateRun(TestRunner.java:767)
<br/>at org.testng.TestRunner.run(TestRunner.java:617)
<br/>at org.testng.SuiteRunner.runTest(SuiteRunner.java:334)
<br/>at org.testng.SuiteRunner.runSequentially(SuiteRunner.java:329)
<br/>at org.testng.SuiteRunner.privateRun(SuiteRunner.java:291)
<br/>at org.testng.SuiteRunner.run(SuiteRunner.java:240)
<br/>at org.testng.SuiteRunnerWorker.runSuite(SuiteRunnerWorker.java:52)
<br/>at org.testng.SuiteRunnerWorker.run(SuiteRunnerWorker.java:86)
<br/>at org.testng.TestNG.runSuitesSequentially(TestNG.java:1198)
<br/>at org.testng.TestNG.runSuitesLocally(TestNG.java:1123)
<br/>at org.testng.TestNG.run(TestNG.java:1031)
<br/>at org.apache.maven.surefire.testng.TestNGExecutor.run(TestNGExecutor.java:76)
<br/>at org.apache.maven.surefire.testng.TestNGDirectoryTestSuite.executeMulti(TestNGDirectoryTestSuite.java:161)
<br/>at org.apache.maven.surefire.testng.TestNGDirectoryTestSuite.execute(TestNGDirectoryTestSuite.java:101)
<br/>at org.apache.maven.surefire.testng.TestNGProvider.invoke(TestNGProvider.java:115)
<br/>at sun.reflect.NativeMethodAccessorImpl.invoke0(Native Method)
<br/>at sun.reflect.NativeMethodAccessorImpl.invoke(NativeMethodAccessorImpl.java:57)
<br/>at sun.reflect.DelegatingMethodAccessorImpl.invoke(DelegatingMethodAccessorImpl.java:43)
<br/>at java.lang.reflect.Method.invoke(Method.java:601)
<br/>at org.apache.maven.surefire.util.ReflectionUtils.invokeMethodWithArray(ReflectionUtils.java:189)
<br/>at org.apache.maven.surefire.booter.ProviderFactory$ProviderProxy.invoke(ProviderFactory.java:165)
<br/>at org.apache.maven.surefire.booter.ProviderFactory.invokeProvider(ProviderFactory.java:85)
<br/>at org.apache.maven.surefire.booter.ForkedBooter.runSuitesInProcess(ForkedBooter.java:103)
<br/>at org.apache.maven.surefire.booter.ForkedBooter.main(ForkedBooter.java:74)
<br/>1 lines not shown
</td></tr>
</table>
<p class="totop"><a href="#summary">back to summary</a></p>
<h2 id="m11">com.vhealth.api.dao.ItemDaoTest:springTestContextAfterTestMethod</h2>
<table cellspacing="0" cellpadding="0" class="result">
<tr class="param"><th>Parameter #1</th></tr>
<tr class="param stripe"><td>public void com.vhealth.api.dao.ItemDaoTest.shouldFindItemById()</td>
</tr>
<tr><td style="padding-left:3em" colspan="1">
<p>null</p>
com.github.springtestdbunit.DbUnitRunner.afterTestMethod(DbUnitRunner.java:93)
<br/>at com.github.springtestdbunit.DbUnitTestExecutionListener.afterTestMethod(DbUnitTestExecutionListener.java:141)
<br/>at org.springframework.test.context.TestContextManager.afterTestMethod(TestContextManager.java:395)
<br/>at org.springframework.test.context.testng.AbstractTestNGSpringContextTests.springTestContextAfterTestMethod(AbstractTestNGSpringContextTests.java:176)
<br/>at sun.reflect.NativeMethodAccessorImpl.invoke0(Native Method)
<br/>at sun.reflect.NativeMethodAccessorImpl.invoke(NativeMethodAccessorImpl.java:57)
<br/>at sun.reflect.DelegatingMethodAccessorImpl.invoke(DelegatingMethodAccessorImpl.java:43)
<br/>at java.lang.reflect.Method.invoke(Method.java:601)
<br/>at org.testng.internal.MethodInvocationHelper.invokeMethod(MethodInvocationHelper.java:80)
<br/>at org.testng.internal.Invoker.invokeConfigurationMethod(Invoker.java:564)
<br/>at org.testng.internal.Invoker.invokeConfigurations(Invoker.java:213)
<br/>at org.testng.internal.Invoker.invokeMethod(Invoker.java:786)
<br/>at org.testng.internal.Invoker.invokeTestMethod(Invoker.java:901)
<br/>at org.testng.internal.Invoker.invokeTestMethods(Invoker.java:1231)
<br/>at org.testng.internal.TestMethodWorker.invokeTestMethods(TestMethodWorker.java:127)
<br/>at org.testng.internal.TestMethodWorker.run(TestMethodWorker.java:111)
<br/>at org.testng.TestRunner.privateRun(TestRunner.java:767)
<br/>at org.testng.TestRunner.run(TestRunner.java:617)
<br/>at org.testng.SuiteRunner.runTest(SuiteRunner.java:334)
<br/>at org.testng.SuiteRunner.runSequentially(SuiteRunner.java:329)
<br/>at org.testng.SuiteRunner.privateRun(SuiteRunner.java:291)
<br/>at org.testng.SuiteRunner.run(SuiteRunner.java:240)
<br/>at org.testng.SuiteRunnerWorker.runSuite(SuiteRunnerWorker.java:52)
<br/>at org.testng.SuiteRunnerWorker.run(SuiteRunnerWorker.java:86)
<br/>at org.testng.TestNG.runSuitesSequentially(TestNG.java:1198)
<br/>at org.testng.TestNG.runSuitesLocally(TestNG.java:1123)
<br/>at org.testng.TestNG.run(TestNG.java:1031)
<br/>at org.apache.maven.surefire.testng.TestNGExecutor.run(TestNGExecutor.java:76)
<br/>at org.apache.maven.surefire.testng.TestNGDirectoryTestSuite.executeMulti(TestNGDirectoryTestSuite.java:161)
<br/>at org.apache.maven.surefire.testng.TestNGDirectoryTestSuite.execute(TestNGDirectoryTestSuite.java:101)
<br/>at org.apache.maven.surefire.testng.TestNGProvider.invoke(TestNGProvider.java:115)
<br/>at sun.reflect.NativeMethodAccessorImpl.invoke0(Native Method)
<br/>at sun.reflect.NativeMethodAccessorImpl.invoke(NativeMethodAccessorImpl.java:57)
<br/>at sun.reflect.DelegatingMethodAccessorImpl.invoke(DelegatingMethodAccessorImpl.java:43)
<br/>at java.lang.reflect.Method.invoke(Method.java:601)
<br/>at org.apache.maven.surefire.util.ReflectionUtils.invokeMethodWithArray(ReflectionUtils.java:189)
<br/>at org.apache.maven.surefire.booter.ProviderFactory$ProviderProxy.invoke(ProviderFactory.java:165)
<br/>at org.apache.maven.surefire.booter.ProviderFactory.invokeProvider(ProviderFactory.java:85)
<br/>at org.apache.maven.surefire.booter.ForkedBooter.runSuitesInProcess(ForkedBooter.java:103)
<br/>at org.apache.maven.surefire.booter.ForkedBooter.main(ForkedBooter.java:74)
<br/>1 lines not shown
</td></tr>
</table>
<p class="totop"><a href="#summary">back to summary</a></p>
<h2 id="m12">com.vhealth.api.dao.UserDaoTest:springTestContextBeforeTestMethod</h2>
<p class="totop"><a href="#summary">back to summary</a></p>
<h2 id="m13">com.vhealth.api.service.UserServiceTest:springTestContextBeforeTestMethod</h2>
<p class="totop"><a href="#summary">back to summary</a></p>
<h2 id="m14">com.vhealth.api.service.UserServiceTest:springTestContextPrepareTestInstance</h2>
<p class="totop"><a href="#summary">back to summary</a></p>
<h2 id="m15">com.vhealth.api.entity.AuditListenerTest:springTestContextBeforeTestMethod</h2>
<p class="totop"><a href="#summary">back to summary</a></p>
<h2 id="m16">com.vhealth.api.dao.ItemDaoTest:springTestContextBeforeTestMethod</h2>
<p class="totop"><a href="#summary">back to summary</a></p>
<h2 id="m17">com.vhealth.api.service.ItemAdminServiceTest:springTestContextBeforeTestMethod</h2>
<p class="totop"><a href="#summary">back to summary</a></p>
<h2 id="m18">com.vhealth.api.service.ItemAdminServiceTest:springTestContextBeforeTestMethod</h2>
<p class="totop"><a href="#summary">back to summary</a></p>
<h2 id="m19">com.vhealth.api.dao.UserDaoTest:springTestContextBeforeTestClass</h2>
<p class="totop"><a href="#summary">back to summary</a></p>
<h2 id="m20">com.vhealth.api.dao.UserDaoTest:springTestContextBeforeTestMethod</h2>
<p class="totop"><a href="#summary">back to summary</a></p>
<h2 id="m21">com.vhealth.api.service.UserServiceTest:springTestContextBeforeTestClass</h2>
<p class="totop"><a href="#summary">back to summary</a></p>
<h2 id="m22">com.vhealth.api.service.ItemAdminServiceTest:springTestContextBeforeTestClass</h2>
<p class="totop"><a href="#summary">back to summary</a></p>
<h2 id="m23">com.vhealth.api.service.ItemAdminServiceTest:springTestContextPrepareTestInstance</h2>
<p class="totop"><a href="#summary">back to summary</a></p>
<h2 id="m24">com.vhealth.api.dao.ItemDaoTest:springTestContextPrepareTestInstance</h2>
<p class="totop"><a href="#summary">back to summary</a></p>
<h2 id="m25">com.vhealth.api.dao.ItemDaoTest:springTestContextBeforeTestMethod</h2>
<p class="totop"><a href="#summary">back to summary</a></p>
<h2 id="m26">com.vhealth.api.dao.ItemDaoTest:springTestContextBeforeTestClass</h2>
<p class="totop"><a href="#summary">back to summary</a></p>
<h2 id="m27">com.vhealth.api.service.UserServiceTest:springTestContextBeforeTestMethod</h2>
<p class="totop"><a href="#summary">back to summary</a></p>
<h2 id="m28">com.vhealth.api.dao.UserDaoTest:springTestContextPrepareTestInstance</h2>
<p class="totop"><a href="#summary">back to summary</a></p>
<h2 id="m29">com.vhealth.api.dao.ItemDaoTest:springTestContextBeforeTestMethod</h2>
<p class="totop"><a href="#summary">back to summary</a></p>
<h2 id="m30">com.vhealth.api.dao.ItemDaoTest:springTestContextBeforeTestMethod</h2>
<p class="totop"><a href="#summary">back to summary</a></p>
<h2 id="m31">com.vhealth.api.service.ItemAdminServiceTest:shouldFindItemById</h2>
<p class="totop"><a href="#summary">back to summary</a></p>
<h2 id="m32">com.vhealth.api.service.ItemAdminServiceTest:shouldUpdateItem</h2>
<p class="totop"><a href="#summary">back to summary</a></p>
<h2 id="m33">com.vhealth.api.service.UserServiceTest:shouldFindAllUsers</h2>
<p class="totop"><a href="#summary">back to summary</a></p>
<h2 id="m34">com.vhealth.api.dao.UserDaoTest:shouldReturnNullIfUserNotFound</h2>
<p class="totop"><a href="#summary">back to summary</a></p>
<h2 id="m35">com.vhealth.api.service.UserServiceTest:shouldUpdateUser</h2>
<p class="totop"><a href="#summary">back to summary</a></p>
<h2 id="m36">com.vhealth.api.service.ItemAdminServiceTest:shouldAddItem</h2>
<p class="totop"><a href="#summary">back to summary</a></p>
<h2 id="m37">com.vhealth.api.dao.ItemDaoTest:shouldFindItemItemName</h2>
<p class="totop"><a href="#summary">back to summary</a></p>
<h2 id="m38">com.vhealth.api.dao.ItemDaoTest:shouldReturnNullIfNotFindItemByName</h2>
<p class="totop"><a href="#summary">back to summary</a></p>
<h2 id="m39">com.vhealth.api.entity.AuditListenerTest:shouldAddCreateOnDateAutomatically</h2>
<p class="totop"><a href="#summary">back to summary</a></p>
<h2 id="m40">com.vhealth.api.dao.ItemDaoTest:shouldReturnNullIfNotFindItemById</h2>
<p class="totop"><a href="#summary">back to summary</a></p>
<h2 id="m41">com.vhealth.api.service.UserServiceTest:shouldDeleteUser</h2>
<p class="totop"><a href="#summary">back to summary</a></p>
<h2 id="m42">com.vhealth.api.dao.ItemDaoTest:shouldFindItemById</h2>
<p class="totop"><a href="#summary">back to summary</a></p>
<h2 id="m43">com.vhealth.api.service.UserServiceTest:shouldAddUser</h2>
<p class="totop"><a href="#summary">back to summary</a></p>
<h2 id="m44">com.vhealth.api.service.UserServiceTest:shouldFindExistingUser</h2>
<p class="totop"><a href="#summary">back to summary</a></p>
<h2 id="m45">com.vhealth.api.entity.AuditListenerTest:shouldAddModifiedOnDateAutomatically</h2>
<p class="totop"><a href="#summary">back to summary</a></p>
<h2 id="m46">com.vhealth.api.dao.UserDaoTest:shouldSearchUserByUsername</h2>
<p class="totop"><a href="#summary">back to summary</a></p>
<h2 id="m47">com.vhealth.api.service.ItemAdminServiceTest:shouldFindItemByName</h2>
<p class="totop"><a href="#summary">back to summary</a></p>
<h2 id="m48">com.vhealth.api.service.ItemAdminServiceTest:shouldDeleteItem</h2>
<p class="totop"><a href="#summary">back to summary</a></p>
<h2 id="m49">helpers.TestHelperTest:shouldEncodeBase64userNameAndPassword</h2>
<p class="totop"><a href="#summary">back to summary</a></p>
</body></html>
