<?xml version="1.0" encoding="UTF-8"?>
<testng-results skipped="18" failed="0" total="19" passed="1">
  <reporter-output>
  </reporter-output>
  <suite name="Command line suite" duration-ms="4843" started-at="2014-06-03T20:09:26Z" finished-at="2014-06-03T20:09:31Z">
    <groups>
    </groups>
    <test name="Command line test" duration-ms="4843" started-at="2014-06-03T20:09:26Z" finished-at="2014-06-03T20:09:31Z">
      <class name="com.vhealth.api.service.UserServiceTest">
        <test-method status="SKIP" signature="springTestContextBeforeTestClass()[pri:0, instance:com.vhealth.api.service.UserServiceTest@4e2f40f4]" name="springTestContextBeforeTestClass" is-config="true" duration-ms="0" started-at="2014-06-03T22:09:31Z" finished-at="2014-06-03T22:09:31Z">
          <reporter-output>
          </reporter-output>
        </test-method> <!-- springTestContextBeforeTestClass -->
        <test-method status="SKIP" signature="springTestContextPrepareTestInstance()[pri:0, instance:com.vhealth.api.service.UserServiceTest@4e2f40f4]" name="springTestContextPrepareTestInstance" is-config="true" duration-ms="0" started-at="2014-06-03T22:09:31Z" depends-on-methods="org.springframework.test.context.testng.AbstractTestNGSpringContextTests.springTestContextBeforeTestClass" finished-at="2014-06-03T22:09:31Z">
          <reporter-output>
          </reporter-output>
        </test-method> <!-- springTestContextPrepareTestInstance -->
        <test-method status="SKIP" signature="shouldFindAllUsers()[pri:0, instance:com.vhealth.api.service.UserServiceTest@4e2f40f4]" name="shouldFindAllUsers" duration-ms="0" started-at="2014-06-03T22:09:31Z" finished-at="2014-06-03T22:09:31Z">
          <reporter-output>
          </reporter-output>
        </test-method> <!-- shouldFindAllUsers -->
        <test-method status="FAIL" signature="springTestContextAfterTestMethod(java.lang.reflect.Method)[pri:0, instance:com.vhealth.api.service.UserServiceTest@4e2f40f4]" name="springTestContextAfterTestMethod" is-config="true" duration-ms="0" started-at="2014-06-03T22:09:31Z" finished-at="2014-06-03T22:09:31Z">
          <params>
            <param index="0">
              <value>
                <![CDATA[public void com.vhealth.api.service.UserServiceTest.shouldFindAllUsers() throws java.lang.Exception]]>
              </value>
            </param>
          </params>
          <exception class="java.lang.NullPointerException">
            <full-stacktrace>
              <![CDATA[java.lang.NullPointerException
	at com.github.springtestdbunit.DbUnitRunner.afterTestMethod(DbUnitRunner.java:93)
	at com.github.springtestdbunit.DbUnitTestExecutionListener.afterTestMethod(DbUnitTestExecutionListener.java:141)
	at org.springframework.test.context.TestContextManager.afterTestMethod(TestContextManager.java:395)
	at org.springframework.test.context.testng.AbstractTestNGSpringContextTests.springTestContextAfterTestMethod(AbstractTestNGSpringContextTests.java:176)
	at sun.reflect.NativeMethodAccessorImpl.invoke0(Native Method)
	at sun.reflect.NativeMethodAccessorImpl.invoke(NativeMethodAccessorImpl.java:57)
	at sun.reflect.DelegatingMethodAccessorImpl.invoke(DelegatingMethodAccessorImpl.java:43)
	at java.lang.reflect.Method.invoke(Method.java:601)
	at org.testng.internal.MethodInvocationHelper.invokeMethod(MethodInvocationHelper.java:80)
	at org.testng.internal.Invoker.invokeConfigurationMethod(Invoker.java:564)
	at org.testng.internal.Invoker.invokeConfigurations(Invoker.java:213)
	at org.testng.internal.Invoker.invokeMethod(Invoker.java:786)
	at org.testng.internal.Invoker.invokeTestMethod(Invoker.java:901)
	at org.testng.internal.Invoker.invokeTestMethods(Invoker.java:1231)
	at org.testng.internal.TestMethodWorker.invokeTestMethods(TestMethodWorker.java:127)
	at org.testng.internal.TestMethodWorker.run(TestMethodWorker.java:111)
	at org.testng.TestRunner.privateRun(TestRunner.java:767)
	at org.testng.TestRunner.run(TestRunner.java:617)
	at org.testng.SuiteRunner.runTest(SuiteRunner.java:334)
	at org.testng.SuiteRunner.runSequentially(SuiteRunner.java:329)
	at org.testng.SuiteRunner.privateRun(SuiteRunner.java:291)
	at org.testng.SuiteRunner.run(SuiteRunner.java:240)
	at org.testng.SuiteRunnerWorker.runSuite(SuiteRunnerWorker.java:52)
	at org.testng.SuiteRunnerWorker.run(SuiteRunnerWorker.java:86)
	at org.testng.TestNG.runSuitesSequentially(TestNG.java:1198)
	at org.testng.TestNG.runSuitesLocally(TestNG.java:1123)
	at org.testng.TestNG.run(TestNG.java:1031)
	at org.apache.maven.surefire.testng.TestNGExecutor.run(TestNGExecutor.java:76)
	at org.apache.maven.surefire.testng.TestNGDirectoryTestSuite.executeMulti(TestNGDirectoryTestSuite.java:161)
	at org.apache.maven.surefire.testng.TestNGDirectoryTestSuite.execute(TestNGDirectoryTestSuite.java:101)
	at org.apache.maven.surefire.testng.TestNGProvider.invoke(TestNGProvider.java:115)
	at sun.reflect.NativeMethodAccessorImpl.invoke0(Native Method)
	at sun.reflect.NativeMethodAccessorImpl.invoke(NativeMethodAccessorImpl.java:57)
	at sun.reflect.DelegatingMethodAccessorImpl.invoke(DelegatingMethodAccessorImpl.java:43)
	at java.lang.reflect.Method.invoke(Method.java:601)
	at org.apache.maven.surefire.util.ReflectionUtils.invokeMethodWithArray(ReflectionUtils.java:189)
	at org.apache.maven.surefire.booter.ProviderFactory$ProviderProxy.invoke(ProviderFactory.java:165)
	at org.apache.maven.surefire.booter.ProviderFactory.invokeProvider(ProviderFactory.java:85)
	at org.apache.maven.surefire.booter.ForkedBooter.runSuitesInProcess(ForkedBooter.java:103)
	at org.apache.maven.surefire.booter.ForkedBooter.main(ForkedBooter.java:74)
]]>
            </full-stacktrace>
          </exception> <!-- java.lang.NullPointerException -->
          <reporter-output>
          </reporter-output>
        </test-method> <!-- springTestContextAfterTestMethod -->
        <test-method status="SKIP" signature="springTestContextBeforeTestMethod(java.lang.reflect.Method)[pri:0, instance:com.vhealth.api.service.UserServiceTest@4e2f40f4]" name="springTestContextBeforeTestMethod" is-config="true" duration-ms="0" started-at="2014-06-03T22:09:31Z" finished-at="2014-06-03T22:09:31Z">
          <reporter-output>
          </reporter-output>
        </test-method> <!-- springTestContextBeforeTestMethod -->
        <test-method status="SKIP" signature="shouldFindExistingUser()[pri:0, instance:com.vhealth.api.service.UserServiceTest@4e2f40f4]" name="shouldFindExistingUser" duration-ms="0" started-at="2014-06-03T22:09:31Z" finished-at="2014-06-03T22:09:31Z">
          <reporter-output>
          </reporter-output>
        </test-method> <!-- shouldFindExistingUser -->
        <test-method status="SKIP" signature="springTestContextBeforeTestMethod(java.lang.reflect.Method)[pri:0, instance:com.vhealth.api.service.UserServiceTest@4e2f40f4]" name="springTestContextBeforeTestMethod" is-config="true" duration-ms="0" started-at="2014-06-03T22:09:31Z" finished-at="2014-06-03T22:09:31Z">
          <reporter-output>
          </reporter-output>
        </test-method> <!-- springTestContextBeforeTestMethod -->
        <test-method status="FAIL" signature="springTestContextAfterTestMethod(java.lang.reflect.Method)[pri:0, instance:com.vhealth.api.service.UserServiceTest@4e2f40f4]" name="springTestContextAfterTestMethod" is-config="true" duration-ms="0" started-at="2014-06-03T22:09:31Z" finished-at="2014-06-03T22:09:31Z">
          <params>
            <param index="0">
              <value>
                <![CDATA[public void com.vhealth.api.service.UserServiceTest.shouldFindExistingUser() throws java.lang.Exception]]>
              </value>
            </param>
          </params>
          <exception class="java.lang.NullPointerException">
            <full-stacktrace>
              <![CDATA[java.lang.NullPointerException
	at com.github.springtestdbunit.DbUnitRunner.afterTestMethod(DbUnitRunner.java:93)
	at com.github.springtestdbunit.DbUnitTestExecutionListener.afterTestMethod(DbUnitTestExecutionListener.java:141)
	at org.springframework.test.context.TestContextManager.afterTestMethod(TestContextManager.java:395)
	at org.springframework.test.context.testng.AbstractTestNGSpringContextTests.springTestContextAfterTestMethod(AbstractTestNGSpringContextTests.java:176)
	at sun.reflect.NativeMethodAccessorImpl.invoke0(Native Method)
	at sun.reflect.NativeMethodAccessorImpl.invoke(NativeMethodAccessorImpl.java:57)
	at sun.reflect.DelegatingMethodAccessorImpl.invoke(DelegatingMethodAccessorImpl.java:43)
	at java.lang.reflect.Method.invoke(Method.java:601)
	at org.testng.internal.MethodInvocationHelper.invokeMethod(MethodInvocationHelper.java:80)
	at org.testng.internal.Invoker.invokeConfigurationMethod(Invoker.java:564)
	at org.testng.internal.Invoker.invokeConfigurations(Invoker.java:213)
	at org.testng.internal.Invoker.invokeMethod(Invoker.java:786)
	at org.testng.internal.Invoker.invokeTestMethod(Invoker.java:901)
	at org.testng.internal.Invoker.invokeTestMethods(Invoker.java:1231)
	at org.testng.internal.TestMethodWorker.invokeTestMethods(TestMethodWorker.java:127)
	at org.testng.internal.TestMethodWorker.run(TestMethodWorker.java:111)
	at org.testng.TestRunner.privateRun(TestRunner.java:767)
	at org.testng.TestRunner.run(TestRunner.java:617)
	at org.testng.SuiteRunner.runTest(SuiteRunner.java:334)
	at org.testng.SuiteRunner.runSequentially(SuiteRunner.java:329)
	at org.testng.SuiteRunner.privateRun(SuiteRunner.java:291)
	at org.testng.SuiteRunner.run(SuiteRunner.java:240)
	at org.testng.SuiteRunnerWorker.runSuite(SuiteRunnerWorker.java:52)
	at org.testng.SuiteRunnerWorker.run(SuiteRunnerWorker.java:86)
	at org.testng.TestNG.runSuitesSequentially(TestNG.java:1198)
	at org.testng.TestNG.runSuitesLocally(TestNG.java:1123)
	at org.testng.TestNG.run(TestNG.java:1031)
	at org.apache.maven.surefire.testng.TestNGExecutor.run(TestNGExecutor.java:76)
	at org.apache.maven.surefire.testng.TestNGDirectoryTestSuite.executeMulti(TestNGDirectoryTestSuite.java:161)
	at org.apache.maven.surefire.testng.TestNGDirectoryTestSuite.execute(TestNGDirectoryTestSuite.java:101)
	at org.apache.maven.surefire.testng.TestNGProvider.invoke(TestNGProvider.java:115)
	at sun.reflect.NativeMethodAccessorImpl.invoke0(Native Method)
	at sun.reflect.NativeMethodAccessorImpl.invoke(NativeMethodAccessorImpl.java:57)
	at sun.reflect.DelegatingMethodAccessorImpl.invoke(DelegatingMethodAccessorImpl.java:43)
	at java.lang.reflect.Method.invoke(Method.java:601)
	at org.apache.maven.surefire.util.ReflectionUtils.invokeMethodWithArray(ReflectionUtils.java:189)
	at org.apache.maven.surefire.booter.ProviderFactory$ProviderProxy.invoke(ProviderFactory.java:165)
	at org.apache.maven.surefire.booter.ProviderFactory.invokeProvider(ProviderFactory.java:85)
	at org.apache.maven.surefire.booter.ForkedBooter.runSuitesInProcess(ForkedBooter.java:103)
	at org.apache.maven.surefire.booter.ForkedBooter.main(ForkedBooter.java:74)
]]>
            </full-stacktrace>
          </exception> <!-- java.lang.NullPointerException -->
          <reporter-output>
          </reporter-output>
        </test-method> <!-- springTestContextAfterTestMethod -->
        <test-method status="SKIP" signature="shouldAddUser()[pri:0, instance:com.vhealth.api.service.UserServiceTest@4e2f40f4]" name="shouldAddUser" duration-ms="0" started-at="2014-06-03T22:09:31Z" depends-on-methods="com.vhealth.api.service.UserServiceTest.shouldFindExistingUser" finished-at="2014-06-03T22:09:31Z">
          <reporter-output>
          </reporter-output>
        </test-method> <!-- shouldAddUser -->
        <test-method status="SKIP" signature="shouldDeleteUser()[pri:0, instance:com.vhealth.api.service.UserServiceTest@4e2f40f4]" name="shouldDeleteUser" duration-ms="0" started-at="2014-06-03T22:09:31Z" depends-on-methods="com.vhealth.api.service.UserServiceTest.shouldFindExistingUser" finished-at="2014-06-03T22:09:31Z">
          <reporter-output>
          </reporter-output>
        </test-method> <!-- shouldDeleteUser -->
        <test-method status="PASS" signature="springTestContextAfterTestClass()[pri:0, instance:com.vhealth.api.service.UserServiceTest@4e2f40f4]" name="springTestContextAfterTestClass" is-config="true" duration-ms="1" started-at="2014-06-03T22:09:31Z" finished-at="2014-06-03T22:09:31Z">
          <reporter-output>
          </reporter-output>
        </test-method> <!-- springTestContextAfterTestClass -->
        <test-method status="SKIP" signature="shouldUpdateUser()[pri:0, instance:com.vhealth.api.service.UserServiceTest@4e2f40f4]" name="shouldUpdateUser" duration-ms="0" started-at="2014-06-03T22:09:31Z" depends-on-methods="com.vhealth.api.service.UserServiceTest.shouldFindExistingUser" finished-at="2014-06-03T22:09:31Z">
          <reporter-output>
          </reporter-output>
        </test-method> <!-- shouldUpdateUser -->
      </class> <!-- com.vhealth.api.service.UserServiceTest -->
      <class name="com.vhealth.api.dao.UserDaoTest">
        <test-method status="SKIP" signature="springTestContextBeforeTestClass()[pri:0, instance:com.vhealth.api.dao.UserDaoTest@c616915]" name="springTestContextBeforeTestClass" is-config="true" duration-ms="0" started-at="2014-06-03T22:09:31Z" finished-at="2014-06-03T22:09:31Z">
          <reporter-output>
          </reporter-output>
        </test-method> <!-- springTestContextBeforeTestClass -->
        <test-method status="SKIP" signature="springTestContextBeforeTestMethod(java.lang.reflect.Method)[pri:0, instance:com.vhealth.api.dao.UserDaoTest@c616915]" name="springTestContextBeforeTestMethod" is-config="true" duration-ms="0" started-at="2014-06-03T22:09:31Z" finished-at="2014-06-03T22:09:31Z">
          <reporter-output>
          </reporter-output>
        </test-method> <!-- springTestContextBeforeTestMethod -->
        <test-method status="SKIP" signature="springTestContextPrepareTestInstance()[pri:0, instance:com.vhealth.api.dao.UserDaoTest@c616915]" name="springTestContextPrepareTestInstance" is-config="true" duration-ms="0" started-at="2014-06-03T22:09:31Z" depends-on-methods="org.springframework.test.context.testng.AbstractTestNGSpringContextTests.springTestContextBeforeTestClass" finished-at="2014-06-03T22:09:31Z">
          <reporter-output>
          </reporter-output>
        </test-method> <!-- springTestContextPrepareTestInstance -->
        <test-method status="SKIP" signature="shouldReturnNullIfUserNotFound()[pri:0, instance:com.vhealth.api.dao.UserDaoTest@c616915]" name="shouldReturnNullIfUserNotFound" duration-ms="0" started-at="2014-06-03T22:09:31Z" finished-at="2014-06-03T22:09:31Z">
          <reporter-output>
          </reporter-output>
        </test-method> <!-- shouldReturnNullIfUserNotFound -->
        <test-method status="FAIL" signature="springTestContextAfterTestMethod(java.lang.reflect.Method)[pri:0, instance:com.vhealth.api.dao.UserDaoTest@c616915]" name="springTestContextAfterTestMethod" is-config="true" duration-ms="0" started-at="2014-06-03T22:09:31Z" finished-at="2014-06-03T22:09:31Z">
          <params>
            <param index="0">
              <value>
                <![CDATA[public void com.vhealth.api.dao.UserDaoTest.shouldReturnNullIfUserNotFound() throws java.lang.Exception]]>
              </value>
            </param>
          </params>
          <exception class="java.lang.NullPointerException">
            <full-stacktrace>
              <![CDATA[java.lang.NullPointerException
	at com.github.springtestdbunit.DbUnitRunner.afterTestMethod(DbUnitRunner.java:93)
	at com.github.springtestdbunit.DbUnitTestExecutionListener.afterTestMethod(DbUnitTestExecutionListener.java:141)
	at org.springframework.test.context.TestContextManager.afterTestMethod(TestContextManager.java:395)
	at org.springframework.test.context.testng.AbstractTestNGSpringContextTests.springTestContextAfterTestMethod(AbstractTestNGSpringContextTests.java:176)
	at sun.reflect.NativeMethodAccessorImpl.invoke0(Native Method)
	at sun.reflect.NativeMethodAccessorImpl.invoke(NativeMethodAccessorImpl.java:57)
	at sun.reflect.DelegatingMethodAccessorImpl.invoke(DelegatingMethodAccessorImpl.java:43)
	at java.lang.reflect.Method.invoke(Method.java:601)
	at org.testng.internal.MethodInvocationHelper.invokeMethod(MethodInvocationHelper.java:80)
	at org.testng.internal.Invoker.invokeConfigurationMethod(Invoker.java:564)
	at org.testng.internal.Invoker.invokeConfigurations(Invoker.java:213)
	at org.testng.internal.Invoker.invokeMethod(Invoker.java:786)
	at org.testng.internal.Invoker.invokeTestMethod(Invoker.java:901)
	at org.testng.internal.Invoker.invokeTestMethods(Invoker.java:1231)
	at org.testng.internal.TestMethodWorker.invokeTestMethods(TestMethodWorker.java:127)
	at org.testng.internal.TestMethodWorker.run(TestMethodWorker.java:111)
	at org.testng.TestRunner.privateRun(TestRunner.java:767)
	at org.testng.TestRunner.run(TestRunner.java:617)
	at org.testng.SuiteRunner.runTest(SuiteRunner.java:334)
	at org.testng.SuiteRunner.runSequentially(SuiteRunner.java:329)
	at org.testng.SuiteRunner.privateRun(SuiteRunner.java:291)
	at org.testng.SuiteRunner.run(SuiteRunner.java:240)
	at org.testng.SuiteRunnerWorker.runSuite(SuiteRunnerWorker.java:52)
	at org.testng.SuiteRunnerWorker.run(SuiteRunnerWorker.java:86)
	at org.testng.TestNG.runSuitesSequentially(TestNG.java:1198)
	at org.testng.TestNG.runSuitesLocally(TestNG.java:1123)
	at org.testng.TestNG.run(TestNG.java:1031)
	at org.apache.maven.surefire.testng.TestNGExecutor.run(TestNGExecutor.java:76)
	at org.apache.maven.surefire.testng.TestNGDirectoryTestSuite.executeMulti(TestNGDirectoryTestSuite.java:161)
	at org.apache.maven.surefire.testng.TestNGDirectoryTestSuite.execute(TestNGDirectoryTestSuite.java:101)
	at org.apache.maven.surefire.testng.TestNGProvider.invoke(TestNGProvider.java:115)
	at sun.reflect.NativeMethodAccessorImpl.invoke0(Native Method)
	at sun.reflect.NativeMethodAccessorImpl.invoke(NativeMethodAccessorImpl.java:57)
	at sun.reflect.DelegatingMethodAccessorImpl.invoke(DelegatingMethodAccessorImpl.java:43)
	at java.lang.reflect.Method.invoke(Method.java:601)
	at org.apache.maven.surefire.util.ReflectionUtils.invokeMethodWithArray(ReflectionUtils.java:189)
	at org.apache.maven.surefire.booter.ProviderFactory$ProviderProxy.invoke(ProviderFactory.java:165)
	at org.apache.maven.surefire.booter.ProviderFactory.invokeProvider(ProviderFactory.java:85)
	at org.apache.maven.surefire.booter.ForkedBooter.runSuitesInProcess(ForkedBooter.java:103)
	at org.apache.maven.surefire.booter.ForkedBooter.main(ForkedBooter.java:74)
]]>
            </full-stacktrace>
          </exception> <!-- java.lang.NullPointerException -->
          <reporter-output>
          </reporter-output>
        </test-method> <!-- springTestContextAfterTestMethod -->
        <test-method status="SKIP" signature="shouldSearchUserByUsername()[pri:0, instance:com.vhealth.api.dao.UserDaoTest@c616915]" name="shouldSearchUserByUsername" duration-ms="1" started-at="2014-06-03T22:09:31Z" finished-at="2014-06-03T22:09:31Z">
          <reporter-output>
          </reporter-output>
        </test-method> <!-- shouldSearchUserByUsername -->
        <test-method status="SKIP" signature="springTestContextBeforeTestMethod(java.lang.reflect.Method)[pri:0, instance:com.vhealth.api.dao.UserDaoTest@c616915]" name="springTestContextBeforeTestMethod" is-config="true" duration-ms="0" started-at="2014-06-03T22:09:31Z" finished-at="2014-06-03T22:09:31Z">
          <reporter-output>
          </reporter-output>
        </test-method> <!-- springTestContextBeforeTestMethod -->
        <test-method status="FAIL" signature="springTestContextAfterTestMethod(java.lang.reflect.Method)[pri:0, instance:com.vhealth.api.dao.UserDaoTest@c616915]" name="springTestContextAfterTestMethod" is-config="true" duration-ms="0" started-at="2014-06-03T22:09:31Z" finished-at="2014-06-03T22:09:31Z">
          <params>
            <param index="0">
              <value>
                <![CDATA[public void com.vhealth.api.dao.UserDaoTest.shouldSearchUserByUsername() throws java.lang.Exception]]>
              </value>
            </param>
          </params>
          <exception class="java.lang.NullPointerException">
            <full-stacktrace>
              <![CDATA[java.lang.NullPointerException
	at com.github.springtestdbunit.DbUnitRunner.afterTestMethod(DbUnitRunner.java:93)
	at com.github.springtestdbunit.DbUnitTestExecutionListener.afterTestMethod(DbUnitTestExecutionListener.java:141)
	at org.springframework.test.context.TestContextManager.afterTestMethod(TestContextManager.java:395)
	at org.springframework.test.context.testng.AbstractTestNGSpringContextTests.springTestContextAfterTestMethod(AbstractTestNGSpringContextTests.java:176)
	at sun.reflect.NativeMethodAccessorImpl.invoke0(Native Method)
	at sun.reflect.NativeMethodAccessorImpl.invoke(NativeMethodAccessorImpl.java:57)
	at sun.reflect.DelegatingMethodAccessorImpl.invoke(DelegatingMethodAccessorImpl.java:43)
	at java.lang.reflect.Method.invoke(Method.java:601)
	at org.testng.internal.MethodInvocationHelper.invokeMethod(MethodInvocationHelper.java:80)
	at org.testng.internal.Invoker.invokeConfigurationMethod(Invoker.java:564)
	at org.testng.internal.Invoker.invokeConfigurations(Invoker.java:213)
	at org.testng.internal.Invoker.invokeMethod(Invoker.java:786)
	at org.testng.internal.Invoker.invokeTestMethod(Invoker.java:901)
	at org.testng.internal.Invoker.invokeTestMethods(Invoker.java:1231)
	at org.testng.internal.TestMethodWorker.invokeTestMethods(TestMethodWorker.java:127)
	at org.testng.internal.TestMethodWorker.run(TestMethodWorker.java:111)
	at org.testng.TestRunner.privateRun(TestRunner.java:767)
	at org.testng.TestRunner.run(TestRunner.java:617)
	at org.testng.SuiteRunner.runTest(SuiteRunner.java:334)
	at org.testng.SuiteRunner.runSequentially(SuiteRunner.java:329)
	at org.testng.SuiteRunner.privateRun(SuiteRunner.java:291)
	at org.testng.SuiteRunner.run(SuiteRunner.java:240)
	at org.testng.SuiteRunnerWorker.runSuite(SuiteRunnerWorker.java:52)
	at org.testng.SuiteRunnerWorker.run(SuiteRunnerWorker.java:86)
	at org.testng.TestNG.runSuitesSequentially(TestNG.java:1198)
	at org.testng.TestNG.runSuitesLocally(TestNG.java:1123)
	at org.testng.TestNG.run(TestNG.java:1031)
	at org.apache.maven.surefire.testng.TestNGExecutor.run(TestNGExecutor.java:76)
	at org.apache.maven.surefire.testng.TestNGDirectoryTestSuite.executeMulti(TestNGDirectoryTestSuite.java:161)
	at org.apache.maven.surefire.testng.TestNGDirectoryTestSuite.execute(TestNGDirectoryTestSuite.java:101)
	at org.apache.maven.surefire.testng.TestNGProvider.invoke(TestNGProvider.java:115)
	at sun.reflect.NativeMethodAccessorImpl.invoke0(Native Method)
	at sun.reflect.NativeMethodAccessorImpl.invoke(NativeMethodAccessorImpl.java:57)
	at sun.reflect.DelegatingMethodAccessorImpl.invoke(DelegatingMethodAccessorImpl.java:43)
	at java.lang.reflect.Method.invoke(Method.java:601)
	at org.apache.maven.surefire.util.ReflectionUtils.invokeMethodWithArray(ReflectionUtils.java:189)
	at org.apache.maven.surefire.booter.ProviderFactory$ProviderProxy.invoke(ProviderFactory.java:165)
	at org.apache.maven.surefire.booter.ProviderFactory.invokeProvider(ProviderFactory.java:85)
	at org.apache.maven.surefire.booter.ForkedBooter.runSuitesInProcess(ForkedBooter.java:103)
	at org.apache.maven.surefire.booter.ForkedBooter.main(ForkedBooter.java:74)
]]>
            </full-stacktrace>
          </exception> <!-- java.lang.NullPointerException -->
          <reporter-output>
          </reporter-output>
        </test-method> <!-- springTestContextAfterTestMethod -->
        <test-method status="PASS" signature="springTestContextAfterTestClass()[pri:0, instance:com.vhealth.api.dao.UserDaoTest@c616915]" name="springTestContextAfterTestClass" is-config="true" duration-ms="1" started-at="2014-06-03T22:09:31Z" finished-at="2014-06-03T22:09:31Z">
          <reporter-output>
          </reporter-output>
        </test-method> <!-- springTestContextAfterTestClass -->
      </class> <!-- com.vhealth.api.dao.UserDaoTest -->
      <class name="com.vhealth.api.dao.ItemDaoTest">
        <test-method status="SKIP" signature="springTestContextBeforeTestClass()[pri:0, instance:com.vhealth.api.dao.ItemDaoTest@4b8899ad]" name="springTestContextBeforeTestClass" is-config="true" duration-ms="0" started-at="2014-06-03T22:09:31Z" finished-at="2014-06-03T22:09:31Z">
          <reporter-output>
          </reporter-output>
        </test-method> <!-- springTestContextBeforeTestClass -->
        <test-method status="SKIP" signature="springTestContextBeforeTestMethod(java.lang.reflect.Method)[pri:0, instance:com.vhealth.api.dao.ItemDaoTest@4b8899ad]" name="springTestContextBeforeTestMethod" is-config="true" duration-ms="0" started-at="2014-06-03T22:09:31Z" finished-at="2014-06-03T22:09:31Z">
          <reporter-output>
          </reporter-output>
        </test-method> <!-- springTestContextBeforeTestMethod -->
        <test-method status="SKIP" signature="springTestContextPrepareTestInstance()[pri:0, instance:com.vhealth.api.dao.ItemDaoTest@4b8899ad]" name="springTestContextPrepareTestInstance" is-config="true" duration-ms="0" started-at="2014-06-03T22:09:31Z" depends-on-methods="org.springframework.test.context.testng.AbstractTestNGSpringContextTests.springTestContextBeforeTestClass" finished-at="2014-06-03T22:09:31Z">
          <reporter-output>
          </reporter-output>
        </test-method> <!-- springTestContextPrepareTestInstance -->
        <test-method status="SKIP" signature="shouldFindItemById()[pri:0, instance:com.vhealth.api.dao.ItemDaoTest@4b8899ad]" name="shouldFindItemById" duration-ms="0" started-at="2014-06-03T22:09:31Z" finished-at="2014-06-03T22:09:31Z">
          <reporter-output>
          </reporter-output>
        </test-method> <!-- shouldFindItemById -->
        <test-method status="FAIL" signature="springTestContextAfterTestMethod(java.lang.reflect.Method)[pri:0, instance:com.vhealth.api.dao.ItemDaoTest@4b8899ad]" name="springTestContextAfterTestMethod" is-config="true" duration-ms="0" started-at="2014-06-03T22:09:31Z" finished-at="2014-06-03T22:09:31Z">
          <params>
            <param index="0">
              <value>
                <![CDATA[public void com.vhealth.api.dao.ItemDaoTest.shouldFindItemById()]]>
              </value>
            </param>
          </params>
          <exception class="java.lang.NullPointerException">
            <full-stacktrace>
              <![CDATA[java.lang.NullPointerException
	at com.github.springtestdbunit.DbUnitRunner.afterTestMethod(DbUnitRunner.java:93)
	at com.github.springtestdbunit.DbUnitTestExecutionListener.afterTestMethod(DbUnitTestExecutionListener.java:141)
	at org.springframework.test.context.TestContextManager.afterTestMethod(TestContextManager.java:395)
	at org.springframework.test.context.testng.AbstractTestNGSpringContextTests.springTestContextAfterTestMethod(AbstractTestNGSpringContextTests.java:176)
	at sun.reflect.NativeMethodAccessorImpl.invoke0(Native Method)
	at sun.reflect.NativeMethodAccessorImpl.invoke(NativeMethodAccessorImpl.java:57)
	at sun.reflect.DelegatingMethodAccessorImpl.invoke(DelegatingMethodAccessorImpl.java:43)
	at java.lang.reflect.Method.invoke(Method.java:601)
	at org.testng.internal.MethodInvocationHelper.invokeMethod(MethodInvocationHelper.java:80)
	at org.testng.internal.Invoker.invokeConfigurationMethod(Invoker.java:564)
	at org.testng.internal.Invoker.invokeConfigurations(Invoker.java:213)
	at org.testng.internal.Invoker.invokeMethod(Invoker.java:786)
	at org.testng.internal.Invoker.invokeTestMethod(Invoker.java:901)
	at org.testng.internal.Invoker.invokeTestMethods(Invoker.java:1231)
	at org.testng.internal.TestMethodWorker.invokeTestMethods(TestMethodWorker.java:127)
	at org.testng.internal.TestMethodWorker.run(TestMethodWorker.java:111)
	at org.testng.TestRunner.privateRun(TestRunner.java:767)
	at org.testng.TestRunner.run(TestRunner.java:617)
	at org.testng.SuiteRunner.runTest(SuiteRunner.java:334)
	at org.testng.SuiteRunner.runSequentially(SuiteRunner.java:329)
	at org.testng.SuiteRunner.privateRun(SuiteRunner.java:291)
	at org.testng.SuiteRunner.run(SuiteRunner.java:240)
	at org.testng.SuiteRunnerWorker.runSuite(SuiteRunnerWorker.java:52)
	at org.testng.SuiteRunnerWorker.run(SuiteRunnerWorker.java:86)
	at org.testng.TestNG.runSuitesSequentially(TestNG.java:1198)
	at org.testng.TestNG.runSuitesLocally(TestNG.java:1123)
	at org.testng.TestNG.run(TestNG.java:1031)
	at org.apache.maven.surefire.testng.TestNGExecutor.run(TestNGExecutor.java:76)
	at org.apache.maven.surefire.testng.TestNGDirectoryTestSuite.executeMulti(TestNGDirectoryTestSuite.java:161)
	at org.apache.maven.surefire.testng.TestNGDirectoryTestSuite.execute(TestNGDirectoryTestSuite.java:101)
	at org.apache.maven.surefire.testng.TestNGProvider.invoke(TestNGProvider.java:115)
	at sun.reflect.NativeMethodAccessorImpl.invoke0(Native Method)
	at sun.reflect.NativeMethodAccessorImpl.invoke(NativeMethodAccessorImpl.java:57)
	at sun.reflect.DelegatingMethodAccessorImpl.invoke(DelegatingMethodAccessorImpl.java:43)
	at java.lang.reflect.Method.invoke(Method.java:601)
	at org.apache.maven.surefire.util.ReflectionUtils.invokeMethodWithArray(ReflectionUtils.java:189)
	at org.apache.maven.surefire.booter.ProviderFactory$ProviderProxy.invoke(ProviderFactory.java:165)
	at org.apache.maven.surefire.booter.ProviderFactory.invokeProvider(ProviderFactory.java:85)
	at org.apache.maven.surefire.booter.ForkedBooter.runSuitesInProcess(ForkedBooter.java:103)
	at org.apache.maven.surefire.booter.ForkedBooter.main(ForkedBooter.java:74)
]]>
            </full-stacktrace>
          </exception> <!-- java.lang.NullPointerException -->
          <reporter-output>
          </reporter-output>
        </test-method> <!-- springTestContextAfterTestMethod -->
        <test-method status="SKIP" signature="springTestContextBeforeTestMethod(java.lang.reflect.Method)[pri:0, instance:com.vhealth.api.dao.ItemDaoTest@4b8899ad]" name="springTestContextBeforeTestMethod" is-config="true" duration-ms="0" started-at="2014-06-03T22:09:31Z" finished-at="2014-06-03T22:09:31Z">
          <reporter-output>
          </reporter-output>
        </test-method> <!-- springTestContextBeforeTestMethod -->
        <test-method status="SKIP" signature="shouldFindItemItemName()[pri:0, instance:com.vhealth.api.dao.ItemDaoTest@4b8899ad]" name="shouldFindItemItemName" duration-ms="1" started-at="2014-06-03T22:09:31Z" finished-at="2014-06-03T22:09:31Z">
          <reporter-output>
          </reporter-output>
        </test-method> <!-- shouldFindItemItemName -->
        <test-method status="FAIL" signature="springTestContextAfterTestMethod(java.lang.reflect.Method)[pri:0, instance:com.vhealth.api.dao.ItemDaoTest@4b8899ad]" name="springTestContextAfterTestMethod" is-config="true" duration-ms="0" started-at="2014-06-03T22:09:31Z" finished-at="2014-06-03T22:09:31Z">
          <params>
            <param index="0">
              <value>
                <![CDATA[public void com.vhealth.api.dao.ItemDaoTest.shouldFindItemItemName()]]>
              </value>
            </param>
          </params>
          <exception class="java.lang.NullPointerException">
            <full-stacktrace>
              <![CDATA[java.lang.NullPointerException
	at com.github.springtestdbunit.DbUnitRunner.afterTestMethod(DbUnitRunner.java:93)
	at com.github.springtestdbunit.DbUnitTestExecutionListener.afterTestMethod(DbUnitTestExecutionListener.java:141)
	at org.springframework.test.context.TestContextManager.afterTestMethod(TestContextManager.java:395)
	at org.springframework.test.context.testng.AbstractTestNGSpringContextTests.springTestContextAfterTestMethod(AbstractTestNGSpringContextTests.java:176)
	at sun.reflect.NativeMethodAccessorImpl.invoke0(Native Method)
	at sun.reflect.NativeMethodAccessorImpl.invoke(NativeMethodAccessorImpl.java:57)
	at sun.reflect.DelegatingMethodAccessorImpl.invoke(DelegatingMethodAccessorImpl.java:43)
	at java.lang.reflect.Method.invoke(Method.java:601)
	at org.testng.internal.MethodInvocationHelper.invokeMethod(MethodInvocationHelper.java:80)
	at org.testng.internal.Invoker.invokeConfigurationMethod(Invoker.java:564)
	at org.testng.internal.Invoker.invokeConfigurations(Invoker.java:213)
	at org.testng.internal.Invoker.invokeMethod(Invoker.java:786)
	at org.testng.internal.Invoker.invokeTestMethod(Invoker.java:901)
	at org.testng.internal.Invoker.invokeTestMethods(Invoker.java:1231)
	at org.testng.internal.TestMethodWorker.invokeTestMethods(TestMethodWorker.java:127)
	at org.testng.internal.TestMethodWorker.run(TestMethodWorker.java:111)
	at org.testng.TestRunner.privateRun(TestRunner.java:767)
	at org.testng.TestRunner.run(TestRunner.java:617)
	at org.testng.SuiteRunner.runTest(SuiteRunner.java:334)
	at org.testng.SuiteRunner.runSequentially(SuiteRunner.java:329)
	at org.testng.SuiteRunner.privateRun(SuiteRunner.java:291)
	at org.testng.SuiteRunner.run(SuiteRunner.java:240)
	at org.testng.SuiteRunnerWorker.runSuite(SuiteRunnerWorker.java:52)
	at org.testng.SuiteRunnerWorker.run(SuiteRunnerWorker.java:86)
	at org.testng.TestNG.runSuitesSequentially(TestNG.java:1198)
	at org.testng.TestNG.runSuitesLocally(TestNG.java:1123)
	at org.testng.TestNG.run(TestNG.java:1031)
	at org.apache.maven.surefire.testng.TestNGExecutor.run(TestNGExecutor.java:76)
	at org.apache.maven.surefire.testng.TestNGDirectoryTestSuite.executeMulti(TestNGDirectoryTestSuite.java:161)
	at org.apache.maven.surefire.testng.TestNGDirectoryTestSuite.execute(TestNGDirectoryTestSuite.java:101)
	at org.apache.maven.surefire.testng.TestNGProvider.invoke(TestNGProvider.java:115)
	at sun.reflect.NativeMethodAccessorImpl.invoke0(Native Method)
	at sun.reflect.NativeMethodAccessorImpl.invoke(NativeMethodAccessorImpl.java:57)
	at sun.reflect.DelegatingMethodAccessorImpl.invoke(DelegatingMethodAccessorImpl.java:43)
	at java.lang.reflect.Method.invoke(Method.java:601)
	at org.apache.maven.surefire.util.ReflectionUtils.invokeMethodWithArray(ReflectionUtils.java:189)
	at org.apache.maven.surefire.booter.ProviderFactory$ProviderProxy.invoke(ProviderFactory.java:165)
	at org.apache.maven.surefire.booter.ProviderFactory.invokeProvider(ProviderFactory.java:85)
	at org.apache.maven.surefire.booter.ForkedBooter.runSuitesInProcess(ForkedBooter.java:103)
	at org.apache.maven.surefire.booter.ForkedBooter.main(ForkedBooter.java:74)
]]>
            </full-stacktrace>
          </exception> <!-- java.lang.NullPointerException -->
          <reporter-output>
          </reporter-output>
        </test-method> <!-- springTestContextAfterTestMethod -->
        <test-method status="SKIP" signature="springTestContextBeforeTestMethod(java.lang.reflect.Method)[pri:0, instance:com.vhealth.api.dao.ItemDaoTest@4b8899ad]" name="springTestContextBeforeTestMethod" is-config="true" duration-ms="0" started-at="2014-06-03T22:09:31Z" finished-at="2014-06-03T22:09:31Z">
          <reporter-output>
          </reporter-output>
        </test-method> <!-- springTestContextBeforeTestMethod -->
        <test-method status="SKIP" signature="shouldReturnNullIfNotFindItemById()[pri:0, instance:com.vhealth.api.dao.ItemDaoTest@4b8899ad]" name="shouldReturnNullIfNotFindItemById" duration-ms="1" started-at="2014-06-03T22:09:31Z" finished-at="2014-06-03T22:09:31Z">
          <reporter-output>
          </reporter-output>
        </test-method> <!-- shouldReturnNullIfNotFindItemById -->
        <test-method status="FAIL" signature="springTestContextAfterTestMethod(java.lang.reflect.Method)[pri:0, instance:com.vhealth.api.dao.ItemDaoTest@4b8899ad]" name="springTestContextAfterTestMethod" is-config="true" duration-ms="0" started-at="2014-06-03T22:09:31Z" finished-at="2014-06-03T22:09:31Z">
          <params>
            <param index="0">
              <value>
                <![CDATA[public void com.vhealth.api.dao.ItemDaoTest.shouldReturnNullIfNotFindItemById()]]>
              </value>
            </param>
          </params>
          <exception class="java.lang.NullPointerException">
            <full-stacktrace>
              <![CDATA[java.lang.NullPointerException
	at com.github.springtestdbunit.DbUnitRunner.afterTestMethod(DbUnitRunner.java:93)
	at com.github.springtestdbunit.DbUnitTestExecutionListener.afterTestMethod(DbUnitTestExecutionListener.java:141)
	at org.springframework.test.context.TestContextManager.afterTestMethod(TestContextManager.java:395)
	at org.springframework.test.context.testng.AbstractTestNGSpringContextTests.springTestContextAfterTestMethod(AbstractTestNGSpringContextTests.java:176)
	at sun.reflect.NativeMethodAccessorImpl.invoke0(Native Method)
	at sun.reflect.NativeMethodAccessorImpl.invoke(NativeMethodAccessorImpl.java:57)
	at sun.reflect.DelegatingMethodAccessorImpl.invoke(DelegatingMethodAccessorImpl.java:43)
	at java.lang.reflect.Method.invoke(Method.java:601)
	at org.testng.internal.MethodInvocationHelper.invokeMethod(MethodInvocationHelper.java:80)
	at org.testng.internal.Invoker.invokeConfigurationMethod(Invoker.java:564)
	at org.testng.internal.Invoker.invokeConfigurations(Invoker.java:213)
	at org.testng.internal.Invoker.invokeMethod(Invoker.java:786)
	at org.testng.internal.Invoker.invokeTestMethod(Invoker.java:901)
	at org.testng.internal.Invoker.invokeTestMethods(Invoker.java:1231)
	at org.testng.internal.TestMethodWorker.invokeTestMethods(TestMethodWorker.java:127)
	at org.testng.internal.TestMethodWorker.run(TestMethodWorker.java:111)
	at org.testng.TestRunner.privateRun(TestRunner.java:767)
	at org.testng.TestRunner.run(TestRunner.java:617)
	at org.testng.SuiteRunner.runTest(SuiteRunner.java:334)
	at org.testng.SuiteRunner.runSequentially(SuiteRunner.java:329)
	at org.testng.SuiteRunner.privateRun(SuiteRunner.java:291)
	at org.testng.SuiteRunner.run(SuiteRunner.java:240)
	at org.testng.SuiteRunnerWorker.runSuite(SuiteRunnerWorker.java:52)
	at org.testng.SuiteRunnerWorker.run(SuiteRunnerWorker.java:86)
	at org.testng.TestNG.runSuitesSequentially(TestNG.java:1198)
	at org.testng.TestNG.runSuitesLocally(TestNG.java:1123)
	at org.testng.TestNG.run(TestNG.java:1031)
	at org.apache.maven.surefire.testng.TestNGExecutor.run(TestNGExecutor.java:76)
	at org.apache.maven.surefire.testng.TestNGDirectoryTestSuite.executeMulti(TestNGDirectoryTestSuite.java:161)
	at org.apache.maven.surefire.testng.TestNGDirectoryTestSuite.execute(TestNGDirectoryTestSuite.java:101)
	at org.apache.maven.surefire.testng.TestNGProvider.invoke(TestNGProvider.java:115)
	at sun.reflect.NativeMethodAccessorImpl.invoke0(Native Method)
	at sun.reflect.NativeMethodAccessorImpl.invoke(NativeMethodAccessorImpl.java:57)
	at sun.reflect.DelegatingMethodAccessorImpl.invoke(DelegatingMethodAccessorImpl.java:43)
	at java.lang.reflect.Method.invoke(Method.java:601)
	at org.apache.maven.surefire.util.ReflectionUtils.invokeMethodWithArray(ReflectionUtils.java:189)
	at org.apache.maven.surefire.booter.ProviderFactory$ProviderProxy.invoke(ProviderFactory.java:165)
	at org.apache.maven.surefire.booter.ProviderFactory.invokeProvider(ProviderFactory.java:85)
	at org.apache.maven.surefire.booter.ForkedBooter.runSuitesInProcess(ForkedBooter.java:103)
	at org.apache.maven.surefire.booter.ForkedBooter.main(ForkedBooter.java:74)
]]>
            </full-stacktrace>
          </exception> <!-- java.lang.NullPointerException -->
          <reporter-output>
          </reporter-output>
        </test-method> <!-- springTestContextAfterTestMethod -->
        <test-method status="SKIP" signature="springTestContextBeforeTestMethod(java.lang.reflect.Method)[pri:0, instance:com.vhealth.api.dao.ItemDaoTest@4b8899ad]" name="springTestContextBeforeTestMethod" is-config="true" duration-ms="0" started-at="2014-06-03T22:09:31Z" finished-at="2014-06-03T22:09:31Z">
          <reporter-output>
          </reporter-output>
        </test-method> <!-- springTestContextBeforeTestMethod -->
        <test-method status="FAIL" signature="springTestContextAfterTestMethod(java.lang.reflect.Method)[pri:0, instance:com.vhealth.api.dao.ItemDaoTest@4b8899ad]" name="springTestContextAfterTestMethod" is-config="true" duration-ms="0" started-at="2014-06-03T22:09:31Z" finished-at="2014-06-03T22:09:31Z">
          <params>
            <param index="0">
              <value>
                <![CDATA[public void com.vhealth.api.dao.ItemDaoTest.shouldReturnNullIfNotFindItemByName()]]>
              </value>
            </param>
          </params>
          <exception class="java.lang.NullPointerException">
            <full-stacktrace>
              <![CDATA[java.lang.NullPointerException
	at com.github.springtestdbunit.DbUnitRunner.afterTestMethod(DbUnitRunner.java:93)
	at com.github.springtestdbunit.DbUnitTestExecutionListener.afterTestMethod(DbUnitTestExecutionListener.java:141)
	at org.springframework.test.context.TestContextManager.afterTestMethod(TestContextManager.java:395)
	at org.springframework.test.context.testng.AbstractTestNGSpringContextTests.springTestContextAfterTestMethod(AbstractTestNGSpringContextTests.java:176)
	at sun.reflect.NativeMethodAccessorImpl.invoke0(Native Method)
	at sun.reflect.NativeMethodAccessorImpl.invoke(NativeMethodAccessorImpl.java:57)
	at sun.reflect.DelegatingMethodAccessorImpl.invoke(DelegatingMethodAccessorImpl.java:43)
	at java.lang.reflect.Method.invoke(Method.java:601)
	at org.testng.internal.MethodInvocationHelper.invokeMethod(MethodInvocationHelper.java:80)
	at org.testng.internal.Invoker.invokeConfigurationMethod(Invoker.java:564)
	at org.testng.internal.Invoker.invokeConfigurations(Invoker.java:213)
	at org.testng.internal.Invoker.invokeMethod(Invoker.java:786)
	at org.testng.internal.Invoker.invokeTestMethod(Invoker.java:901)
	at org.testng.internal.Invoker.invokeTestMethods(Invoker.java:1231)
	at org.testng.internal.TestMethodWorker.invokeTestMethods(TestMethodWorker.java:127)
	at org.testng.internal.TestMethodWorker.run(TestMethodWorker.java:111)
	at org.testng.TestRunner.privateRun(TestRunner.java:767)
	at org.testng.TestRunner.run(TestRunner.java:617)
	at org.testng.SuiteRunner.runTest(SuiteRunner.java:334)
	at org.testng.SuiteRunner.runSequentially(SuiteRunner.java:329)
	at org.testng.SuiteRunner.privateRun(SuiteRunner.java:291)
	at org.testng.SuiteRunner.run(SuiteRunner.java:240)
	at org.testng.SuiteRunnerWorker.runSuite(SuiteRunnerWorker.java:52)
	at org.testng.SuiteRunnerWorker.run(SuiteRunnerWorker.java:86)
	at org.testng.TestNG.runSuitesSequentially(TestNG.java:1198)
	at org.testng.TestNG.runSuitesLocally(TestNG.java:1123)
	at org.testng.TestNG.run(TestNG.java:1031)
	at org.apache.maven.surefire.testng.TestNGExecutor.run(TestNGExecutor.java:76)
	at org.apache.maven.surefire.testng.TestNGDirectoryTestSuite.executeMulti(TestNGDirectoryTestSuite.java:161)
	at org.apache.maven.surefire.testng.TestNGDirectoryTestSuite.execute(TestNGDirectoryTestSuite.java:101)
	at org.apache.maven.surefire.testng.TestNGProvider.invoke(TestNGProvider.java:115)
	at sun.reflect.NativeMethodAccessorImpl.invoke0(Native Method)
	at sun.reflect.NativeMethodAccessorImpl.invoke(NativeMethodAccessorImpl.java:57)
	at sun.reflect.DelegatingMethodAccessorImpl.invoke(DelegatingMethodAccessorImpl.java:43)
	at java.lang.reflect.Method.invoke(Method.java:601)
	at org.apache.maven.surefire.util.ReflectionUtils.invokeMethodWithArray(ReflectionUtils.java:189)
	at org.apache.maven.surefire.booter.ProviderFactory$ProviderProxy.invoke(ProviderFactory.java:165)
	at org.apache.maven.surefire.booter.ProviderFactory.invokeProvider(ProviderFactory.java:85)
	at org.apache.maven.surefire.booter.ForkedBooter.runSuitesInProcess(ForkedBooter.java:103)
	at org.apache.maven.surefire.booter.ForkedBooter.main(ForkedBooter.java:74)
]]>
            </full-stacktrace>
          </exception> <!-- java.lang.NullPointerException -->
          <reporter-output>
          </reporter-output>
        </test-method> <!-- springTestContextAfterTestMethod -->
        <test-method status="SKIP" signature="shouldReturnNullIfNotFindItemByName()[pri:0, instance:com.vhealth.api.dao.ItemDaoTest@4b8899ad]" name="shouldReturnNullIfNotFindItemByName" duration-ms="0" started-at="2014-06-03T22:09:31Z" finished-at="2014-06-03T22:09:31Z">
          <reporter-output>
          </reporter-output>
        </test-method> <!-- shouldReturnNullIfNotFindItemByName -->
        <test-method status="PASS" signature="springTestContextAfterTestClass()[pri:0, instance:com.vhealth.api.dao.ItemDaoTest@4b8899ad]" name="springTestContextAfterTestClass" is-config="true" duration-ms="1" started-at="2014-06-03T22:09:31Z" finished-at="2014-06-03T22:09:31Z">
          <reporter-output>
          </reporter-output>
        </test-method> <!-- springTestContextAfterTestClass -->
      </class> <!-- com.vhealth.api.dao.ItemDaoTest -->
      <class name="com.vhealth.api.entity.AuditListenerTest">
        <test-method status="PASS" signature="springTestContextBeforeTestClass()[pri:0, instance:com.vhealth.api.entity.AuditListenerTest@6c2d4e47]" name="springTestContextBeforeTestClass" is-config="true" duration-ms="14" started-at="2014-06-03T22:09:26Z" finished-at="2014-06-03T22:09:26Z">
          <reporter-output>
          </reporter-output>
        </test-method> <!-- springTestContextBeforeTestClass -->
        <test-method status="FAIL" signature="springTestContextPrepareTestInstance()[pri:0, instance:com.vhealth.api.entity.AuditListenerTest@6c2d4e47]" name="springTestContextPrepareTestInstance" is-config="true" duration-ms="0" started-at="2014-06-03T22:09:26Z" depends-on-methods="org.springframework.test.context.testng.AbstractTestNGSpringContextTests.springTestContextBeforeTestClass" finished-at="2014-06-03T22:09:26Z">
          <exception class="java.lang.IllegalStateException">
            <message>
              <![CDATA[Failed to load ApplicationContext]]>
            </message>
            <full-stacktrace>
              <![CDATA[java.lang.IllegalStateException: Failed to load ApplicationContext
	at org.springframework.test.context.CacheAwareContextLoaderDelegate.loadContext(CacheAwareContextLoaderDelegate.java:99)
	at org.springframework.test.context.TestContext.getApplicationContext(TestContext.java:122)
	at org.springframework.test.context.support.DependencyInjectionTestExecutionListener.injectDependencies(DependencyInjectionTestExecutionListener.java:109)
	at org.springframework.test.context.support.DependencyInjectionTestExecutionListener.prepareTestInstance(DependencyInjectionTestExecutionListener.java:75)
	at org.springframework.test.context.TestContextManager.prepareTestInstance(TestContextManager.java:312)
	at org.springframework.test.context.testng.AbstractTestNGSpringContextTests.springTestContextPrepareTestInstance(AbstractTestNGSpringContextTests.java:130)
	at sun.reflect.NativeMethodAccessorImpl.invoke0(Native Method)
	at sun.reflect.NativeMethodAccessorImpl.invoke(NativeMethodAccessorImpl.java:57)
	at sun.reflect.DelegatingMethodAccessorImpl.invoke(DelegatingMethodAccessorImpl.java:43)
	at java.lang.reflect.Method.invoke(Method.java:601)
	at org.testng.internal.MethodInvocationHelper.invokeMethod(MethodInvocationHelper.java:80)
	at org.testng.internal.Invoker.invokeConfigurationMethod(Invoker.java:564)
	at org.testng.internal.Invoker.invokeConfigurations(Invoker.java:213)
	at org.testng.internal.Invoker.invokeConfigurations(Invoker.java:138)
	at org.testng.internal.TestMethodWorker.invokeBeforeClassMethods(TestMethodWorker.java:175)
	at org.testng.internal.TestMethodWorker.run(TestMethodWorker.java:107)
	at org.testng.TestRunner.privateRun(TestRunner.java:767)
	at org.testng.TestRunner.run(TestRunner.java:617)
	at org.testng.SuiteRunner.runTest(SuiteRunner.java:334)
	at org.testng.SuiteRunner.runSequentially(SuiteRunner.java:329)
	at org.testng.SuiteRunner.privateRun(SuiteRunner.java:291)
	at org.testng.SuiteRunner.run(SuiteRunner.java:240)
	at org.testng.SuiteRunnerWorker.runSuite(SuiteRunnerWorker.java:52)
	at org.testng.SuiteRunnerWorker.run(SuiteRunnerWorker.java:86)
	at org.testng.TestNG.runSuitesSequentially(TestNG.java:1198)
	at org.testng.TestNG.runSuitesLocally(TestNG.java:1123)
	at org.testng.TestNG.run(TestNG.java:1031)
	at org.apache.maven.surefire.testng.TestNGExecutor.run(TestNGExecutor.java:76)
	at org.apache.maven.surefire.testng.TestNGDirectoryTestSuite.executeMulti(TestNGDirectoryTestSuite.java:161)
	at org.apache.maven.surefire.testng.TestNGDirectoryTestSuite.execute(TestNGDirectoryTestSuite.java:101)
	at org.apache.maven.surefire.testng.TestNGProvider.invoke(TestNGProvider.java:115)
	at sun.reflect.NativeMethodAccessorImpl.invoke0(Native Method)
	at sun.reflect.NativeMethodAccessorImpl.invoke(NativeMethodAccessorImpl.java:57)
	at sun.reflect.DelegatingMethodAccessorImpl.invoke(DelegatingMethodAccessorImpl.java:43)
	at java.lang.reflect.Method.invoke(Method.java:601)
	at org.apache.maven.surefire.util.ReflectionUtils.invokeMethodWithArray(ReflectionUtils.java:189)
	at org.apache.maven.surefire.booter.ProviderFactory$ProviderProxy.invoke(ProviderFactory.java:165)
	at org.apache.maven.surefire.booter.ProviderFactory.invokeProvider(ProviderFactory.java:85)
	at org.apache.maven.surefire.booter.ForkedBooter.runSuitesInProcess(ForkedBooter.java:103)
	at org.apache.maven.surefire.booter.ForkedBooter.main(ForkedBooter.java:74)
Caused by: org.springframework.beans.factory.BeanCreationException: Error creating bean with name 'shouldSaveItemSteps': Injection of autowired dependencies failed; nested exception is org.springframework.beans.factory.BeanCreationException: Could not autowire field: private org.springframework.web.context.WebApplicationContext com.vhealth.api.jbehave.steps.ShouldSaveItemSteps.wac; nested exception is org.springframework.beans.factory.NoSuchBeanDefinitionException: No qualifying bean of type [org.springframework.web.context.WebApplicationContext] found for dependency: expected at least 1 bean which qualifies as autowire candidate for this dependency. Dependency annotations: {@org.springframework.beans.factory.annotation.Autowired(required=true)}
	at org.springframework.beans.factory.annotation.AutowiredAnnotationBeanPostProcessor.postProcessPropertyValues(AutowiredAnnotationBeanPostProcessor.java:288)
	at org.springframework.beans.factory.support.AbstractAutowireCapableBeanFactory.populateBean(AbstractAutowireCapableBeanFactory.java:1116)
	at org.springframework.beans.factory.support.AbstractAutowireCapableBeanFactory.doCreateBean(AbstractAutowireCapableBeanFactory.java:519)
	at org.springframework.beans.factory.support.AbstractAutowireCapableBeanFactory.createBean(AbstractAutowireCapableBeanFactory.java:458)
	at org.springframework.beans.factory.support.AbstractBeanFactory$1.getObject(AbstractBeanFactory.java:295)
	at org.springframework.beans.factory.support.DefaultSingletonBeanRegistry.getSingleton(DefaultSingletonBeanRegistry.java:223)
	at org.springframework.beans.factory.support.AbstractBeanFactory.doGetBean(AbstractBeanFactory.java:292)
	at org.springframework.beans.factory.support.AbstractBeanFactory.getBean(AbstractBeanFactory.java:194)
	at org.springframework.beans.factory.support.DefaultListableBeanFactory.preInstantiateSingletons(DefaultListableBeanFactory.java:628)
	at org.springframework.context.support.AbstractApplicationContext.finishBeanFactoryInitialization(AbstractApplicationContext.java:932)
	at org.springframework.context.support.AbstractApplicationContext.refresh(AbstractApplicationContext.java:479)
	at org.springframework.test.context.support.AbstractGenericContextLoader.loadContext(AbstractGenericContextLoader.java:120)
	at org.springframework.test.context.support.AbstractGenericContextLoader.loadContext(AbstractGenericContextLoader.java:60)
	at org.springframework.test.context.support.AbstractDelegatingSmartContextLoader.delegateLoading(AbstractDelegatingSmartContextLoader.java:100)
	at org.springframework.test.context.support.AbstractDelegatingSmartContextLoader.loadContext(AbstractDelegatingSmartContextLoader.java:248)
	at org.springframework.test.context.CacheAwareContextLoaderDelegate.loadContextInternal(CacheAwareContextLoaderDelegate.java:64)
	at org.springframework.test.context.CacheAwareContextLoaderDelegate.loadContext(CacheAwareContextLoaderDelegate.java:91)
	... 39 more
Caused by: org.springframework.beans.factory.BeanCreationException: Could not autowire field: private org.springframework.web.context.WebApplicationContext com.vhealth.api.jbehave.steps.ShouldSaveItemSteps.wac; nested exception is org.springframework.beans.factory.NoSuchBeanDefinitionException: No qualifying bean of type [org.springframework.web.context.WebApplicationContext] found for dependency: expected at least 1 bean which qualifies as autowire candidate for this dependency. Dependency annotations: {@org.springframework.beans.factory.annotation.Autowired(required=true)}
	at org.springframework.beans.factory.annotation.AutowiredAnnotationBeanPostProcessor$AutowiredFieldElement.inject(AutowiredAnnotationBeanPostProcessor.java:514)
	at org.springframework.beans.factory.annotation.InjectionMetadata.inject(InjectionMetadata.java:87)
	at org.springframework.beans.factory.annotation.AutowiredAnnotationBeanPostProcessor.postProcessPropertyValues(AutowiredAnnotationBeanPostProcessor.java:285)
	... 55 more
Caused by: org.springframework.beans.factory.NoSuchBeanDefinitionException: No qualifying bean of type [org.springframework.web.context.WebApplicationContext] found for dependency: expected at least 1 bean which qualifies as autowire candidate for this dependency. Dependency annotations: {@org.springframework.beans.factory.annotation.Autowired(required=true)}
	at org.springframework.beans.factory.support.DefaultListableBeanFactory.raiseNoSuchBeanDefinitionException(DefaultListableBeanFactory.java:988)
	at org.springframework.beans.factory.support.DefaultListableBeanFactory.doResolveDependency(DefaultListableBeanFactory.java:858)
	at org.springframework.beans.factory.support.DefaultListableBeanFactory.resolveDependency(DefaultListableBeanFactory.java:770)
	at org.springframework.beans.factory.annotation.AutowiredAnnotationBeanPostProcessor$AutowiredFieldElement.inject(AutowiredAnnotationBeanPostProcessor.java:486)
	... 57 more
]]>
            </full-stacktrace>
          </exception> <!-- java.lang.IllegalStateException -->
          <reporter-output>
          </reporter-output>
        </test-method> <!-- springTestContextPrepareTestInstance -->
        <test-method status="SKIP" signature="springTestContextBeforeTestMethod(java.lang.reflect.Method)[pri:0, instance:com.vhealth.api.entity.AuditListenerTest@6c2d4e47]" name="springTestContextBeforeTestMethod" is-config="true" duration-ms="0" started-at="2014-06-03T22:09:31Z" finished-at="2014-06-03T22:09:31Z">
          <reporter-output>
          </reporter-output>
        </test-method> <!-- springTestContextBeforeTestMethod -->
        <test-method status="SKIP" signature="shouldAddCreateOnDateAutomatically()[pri:0, instance:com.vhealth.api.entity.AuditListenerTest@6c2d4e47]" name="shouldAddCreateOnDateAutomatically" duration-ms="1" started-at="2014-06-03T22:09:31Z" finished-at="2014-06-03T22:09:31Z">
          <reporter-output>
          </reporter-output>
        </test-method> <!-- shouldAddCreateOnDateAutomatically -->
        <test-method status="PASS" signature="springTestContextAfterTestMethod(java.lang.reflect.Method)[pri:0, instance:com.vhealth.api.entity.AuditListenerTest@6c2d4e47]" name="springTestContextAfterTestMethod" is-config="true" duration-ms="3" started-at="2014-06-03T22:09:31Z" finished-at="2014-06-03T22:09:31Z">
          <params>
            <param index="0">
              <value>
                <![CDATA[public void com.vhealth.api.entity.AuditListenerTest.shouldAddCreateOnDateAutomatically() throws java.lang.Exception]]>
              </value>
            </param>
          </params>
          <reporter-output>
          </reporter-output>
        </test-method> <!-- springTestContextAfterTestMethod -->
        <test-method status="SKIP" signature="shouldAddModifiedOnDateAutomatically()[pri:0, instance:com.vhealth.api.entity.AuditListenerTest@6c2d4e47]" name="shouldAddModifiedOnDateAutomatically" duration-ms="1" started-at="2014-06-03T22:09:31Z" depends-on-methods="com.vhealth.api.entity.AuditListenerTest.shouldAddCreateOnDateAutomatically" finished-at="2014-06-03T22:09:31Z">
          <reporter-output>
          </reporter-output>
        </test-method> <!-- shouldAddModifiedOnDateAutomatically -->
        <test-method status="PASS" signature="springTestContextAfterTestClass()[pri:0, instance:com.vhealth.api.entity.AuditListenerTest@6c2d4e47]" name="springTestContextAfterTestClass" is-config="true" duration-ms="1" started-at="2014-06-03T22:09:31Z" finished-at="2014-06-03T22:09:31Z">
          <reporter-output>
          </reporter-output>
        </test-method> <!-- springTestContextAfterTestClass -->
      </class> <!-- com.vhealth.api.entity.AuditListenerTest -->
      <class name="helpers.TestHelperTest">
        <test-method status="PASS" signature="shouldEncodeBase64userNameAndPassword()[pri:0, instance:helpers.TestHelperTest@47930e5b]" name="shouldEncodeBase64userNameAndPassword" duration-ms="3" started-at="2014-06-03T22:09:31Z" finished-at="2014-06-03T22:09:31Z">
          <reporter-output>
          </reporter-output>
        </test-method> <!-- shouldEncodeBase64userNameAndPassword -->
      </class> <!-- helpers.TestHelperTest -->
      <class name="com.vhealth.api.service.ItemAdminServiceTest">
        <test-method status="SKIP" signature="springTestContextPrepareTestInstance()[pri:0, instance:com.vhealth.api.service.ItemAdminServiceTest@5ef75c3b]" name="springTestContextPrepareTestInstance" is-config="true" duration-ms="0" started-at="2014-06-03T22:09:31Z" depends-on-methods="org.springframework.test.context.testng.AbstractTestNGSpringContextTests.springTestContextBeforeTestClass" finished-at="2014-06-03T22:09:31Z">
          <reporter-output>
          </reporter-output>
        </test-method> <!-- springTestContextPrepareTestInstance -->
        <test-method status="SKIP" signature="springTestContextBeforeTestClass()[pri:0, instance:com.vhealth.api.service.ItemAdminServiceTest@5ef75c3b]" name="springTestContextBeforeTestClass" is-config="true" duration-ms="0" started-at="2014-06-03T22:09:31Z" finished-at="2014-06-03T22:09:31Z">
          <reporter-output>
          </reporter-output>
        </test-method> <!-- springTestContextBeforeTestClass -->
        <test-method status="SKIP" signature="springTestContextBeforeTestMethod(java.lang.reflect.Method)[pri:0, instance:com.vhealth.api.service.ItemAdminServiceTest@5ef75c3b]" name="springTestContextBeforeTestMethod" is-config="true" duration-ms="0" started-at="2014-06-03T22:09:31Z" finished-at="2014-06-03T22:09:31Z">
          <reporter-output>
          </reporter-output>
        </test-method> <!-- springTestContextBeforeTestMethod -->
        <test-method status="SKIP" signature="shouldFindItemById()[pri:0, instance:com.vhealth.api.service.ItemAdminServiceTest@5ef75c3b]" name="shouldFindItemById" duration-ms="0" started-at="2014-06-03T22:09:31Z" finished-at="2014-06-03T22:09:31Z">
          <reporter-output>
          </reporter-output>
        </test-method> <!-- shouldFindItemById -->
        <test-method status="FAIL" signature="springTestContextAfterTestMethod(java.lang.reflect.Method)[pri:0, instance:com.vhealth.api.service.ItemAdminServiceTest@5ef75c3b]" name="springTestContextAfterTestMethod" is-config="true" duration-ms="0" started-at="2014-06-03T22:09:31Z" finished-at="2014-06-03T22:09:31Z">
          <params>
            <param index="0">
              <value>
                <![CDATA[public void com.vhealth.api.service.ItemAdminServiceTest.shouldFindItemById()]]>
              </value>
            </param>
          </params>
          <exception class="java.lang.NullPointerException">
            <full-stacktrace>
              <![CDATA[java.lang.NullPointerException
	at com.github.springtestdbunit.DbUnitRunner.afterTestMethod(DbUnitRunner.java:93)
	at com.github.springtestdbunit.DbUnitTestExecutionListener.afterTestMethod(DbUnitTestExecutionListener.java:141)
	at org.springframework.test.context.TestContextManager.afterTestMethod(TestContextManager.java:395)
	at org.springframework.test.context.testng.AbstractTestNGSpringContextTests.springTestContextAfterTestMethod(AbstractTestNGSpringContextTests.java:176)
	at sun.reflect.NativeMethodAccessorImpl.invoke0(Native Method)
	at sun.reflect.NativeMethodAccessorImpl.invoke(NativeMethodAccessorImpl.java:57)
	at sun.reflect.DelegatingMethodAccessorImpl.invoke(DelegatingMethodAccessorImpl.java:43)
	at java.lang.reflect.Method.invoke(Method.java:601)
	at org.testng.internal.MethodInvocationHelper.invokeMethod(MethodInvocationHelper.java:80)
	at org.testng.internal.Invoker.invokeConfigurationMethod(Invoker.java:564)
	at org.testng.internal.Invoker.invokeConfigurations(Invoker.java:213)
	at org.testng.internal.Invoker.invokeMethod(Invoker.java:786)
	at org.testng.internal.Invoker.invokeTestMethod(Invoker.java:901)
	at org.testng.internal.Invoker.invokeTestMethods(Invoker.java:1231)
	at org.testng.internal.TestMethodWorker.invokeTestMethods(TestMethodWorker.java:127)
	at org.testng.internal.TestMethodWorker.run(TestMethodWorker.java:111)
	at org.testng.TestRunner.privateRun(TestRunner.java:767)
	at org.testng.TestRunner.run(TestRunner.java:617)
	at org.testng.SuiteRunner.runTest(SuiteRunner.java:334)
	at org.testng.SuiteRunner.runSequentially(SuiteRunner.java:329)
	at org.testng.SuiteRunner.privateRun(SuiteRunner.java:291)
	at org.testng.SuiteRunner.run(SuiteRunner.java:240)
	at org.testng.SuiteRunnerWorker.runSuite(SuiteRunnerWorker.java:52)
	at org.testng.SuiteRunnerWorker.run(SuiteRunnerWorker.java:86)
	at org.testng.TestNG.runSuitesSequentially(TestNG.java:1198)
	at org.testng.TestNG.runSuitesLocally(TestNG.java:1123)
	at org.testng.TestNG.run(TestNG.java:1031)
	at org.apache.maven.surefire.testng.TestNGExecutor.run(TestNGExecutor.java:76)
	at org.apache.maven.surefire.testng.TestNGDirectoryTestSuite.executeMulti(TestNGDirectoryTestSuite.java:161)
	at org.apache.maven.surefire.testng.TestNGDirectoryTestSuite.execute(TestNGDirectoryTestSuite.java:101)
	at org.apache.maven.surefire.testng.TestNGProvider.invoke(TestNGProvider.java:115)
	at sun.reflect.NativeMethodAccessorImpl.invoke0(Native Method)
	at sun.reflect.NativeMethodAccessorImpl.invoke(NativeMethodAccessorImpl.java:57)
	at sun.reflect.DelegatingMethodAccessorImpl.invoke(DelegatingMethodAccessorImpl.java:43)
	at java.lang.reflect.Method.invoke(Method.java:601)
	at org.apache.maven.surefire.util.ReflectionUtils.invokeMethodWithArray(ReflectionUtils.java:189)
	at org.apache.maven.surefire.booter.ProviderFactory$ProviderProxy.invoke(ProviderFactory.java:165)
	at org.apache.maven.surefire.booter.ProviderFactory.invokeProvider(ProviderFactory.java:85)
	at org.apache.maven.surefire.booter.ForkedBooter.runSuitesInProcess(ForkedBooter.java:103)
	at org.apache.maven.surefire.booter.ForkedBooter.main(ForkedBooter.java:74)
]]>
            </full-stacktrace>
          </exception> <!-- java.lang.NullPointerException -->
          <reporter-output>
          </reporter-output>
        </test-method> <!-- springTestContextAfterTestMethod -->
        <test-method status="SKIP" signature="springTestContextBeforeTestMethod(java.lang.reflect.Method)[pri:0, instance:com.vhealth.api.service.ItemAdminServiceTest@5ef75c3b]" name="springTestContextBeforeTestMethod" is-config="true" duration-ms="0" started-at="2014-06-03T22:09:31Z" finished-at="2014-06-03T22:09:31Z">
          <reporter-output>
          </reporter-output>
        </test-method> <!-- springTestContextBeforeTestMethod -->
        <test-method status="SKIP" signature="shouldFindItemByName()[pri:0, instance:com.vhealth.api.service.ItemAdminServiceTest@5ef75c3b]" name="shouldFindItemByName" duration-ms="0" started-at="2014-06-03T22:09:31Z" finished-at="2014-06-03T22:09:31Z">
          <reporter-output>
          </reporter-output>
        </test-method> <!-- shouldFindItemByName -->
        <test-method status="FAIL" signature="springTestContextAfterTestMethod(java.lang.reflect.Method)[pri:0, instance:com.vhealth.api.service.ItemAdminServiceTest@5ef75c3b]" name="springTestContextAfterTestMethod" is-config="true" duration-ms="0" started-at="2014-06-03T22:09:31Z" finished-at="2014-06-03T22:09:31Z">
          <params>
            <param index="0">
              <value>
                <![CDATA[public void com.vhealth.api.service.ItemAdminServiceTest.shouldFindItemByName()]]>
              </value>
            </param>
          </params>
          <exception class="java.lang.NullPointerException">
            <full-stacktrace>
              <![CDATA[java.lang.NullPointerException
	at com.github.springtestdbunit.DbUnitRunner.afterTestMethod(DbUnitRunner.java:93)
	at com.github.springtestdbunit.DbUnitTestExecutionListener.afterTestMethod(DbUnitTestExecutionListener.java:141)
	at org.springframework.test.context.TestContextManager.afterTestMethod(TestContextManager.java:395)
	at org.springframework.test.context.testng.AbstractTestNGSpringContextTests.springTestContextAfterTestMethod(AbstractTestNGSpringContextTests.java:176)
	at sun.reflect.NativeMethodAccessorImpl.invoke0(Native Method)
	at sun.reflect.NativeMethodAccessorImpl.invoke(NativeMethodAccessorImpl.java:57)
	at sun.reflect.DelegatingMethodAccessorImpl.invoke(DelegatingMethodAccessorImpl.java:43)
	at java.lang.reflect.Method.invoke(Method.java:601)
	at org.testng.internal.MethodInvocationHelper.invokeMethod(MethodInvocationHelper.java:80)
	at org.testng.internal.Invoker.invokeConfigurationMethod(Invoker.java:564)
	at org.testng.internal.Invoker.invokeConfigurations(Invoker.java:213)
	at org.testng.internal.Invoker.invokeMethod(Invoker.java:786)
	at org.testng.internal.Invoker.invokeTestMethod(Invoker.java:901)
	at org.testng.internal.Invoker.invokeTestMethods(Invoker.java:1231)
	at org.testng.internal.TestMethodWorker.invokeTestMethods(TestMethodWorker.java:127)
	at org.testng.internal.TestMethodWorker.run(TestMethodWorker.java:111)
	at org.testng.TestRunner.privateRun(TestRunner.java:767)
	at org.testng.TestRunner.run(TestRunner.java:617)
	at org.testng.SuiteRunner.runTest(SuiteRunner.java:334)
	at org.testng.SuiteRunner.runSequentially(SuiteRunner.java:329)
	at org.testng.SuiteRunner.privateRun(SuiteRunner.java:291)
	at org.testng.SuiteRunner.run(SuiteRunner.java:240)
	at org.testng.SuiteRunnerWorker.runSuite(SuiteRunnerWorker.java:52)
	at org.testng.SuiteRunnerWorker.run(SuiteRunnerWorker.java:86)
	at org.testng.TestNG.runSuitesSequentially(TestNG.java:1198)
	at org.testng.TestNG.runSuitesLocally(TestNG.java:1123)
	at org.testng.TestNG.run(TestNG.java:1031)
	at org.apache.maven.surefire.testng.TestNGExecutor.run(TestNGExecutor.java:76)
	at org.apache.maven.surefire.testng.TestNGDirectoryTestSuite.executeMulti(TestNGDirectoryTestSuite.java:161)
	at org.apache.maven.surefire.testng.TestNGDirectoryTestSuite.execute(TestNGDirectoryTestSuite.java:101)
	at org.apache.maven.surefire.testng.TestNGProvider.invoke(TestNGProvider.java:115)
	at sun.reflect.NativeMethodAccessorImpl.invoke0(Native Method)
	at sun.reflect.NativeMethodAccessorImpl.invoke(NativeMethodAccessorImpl.java:57)
	at sun.reflect.DelegatingMethodAccessorImpl.invoke(DelegatingMethodAccessorImpl.java:43)
	at java.lang.reflect.Method.invoke(Method.java:601)
	at org.apache.maven.surefire.util.ReflectionUtils.invokeMethodWithArray(ReflectionUtils.java:189)
	at org.apache.maven.surefire.booter.ProviderFactory$ProviderProxy.invoke(ProviderFactory.java:165)
	at org.apache.maven.surefire.booter.ProviderFactory.invokeProvider(ProviderFactory.java:85)
	at org.apache.maven.surefire.booter.ForkedBooter.runSuitesInProcess(ForkedBooter.java:103)
	at org.apache.maven.surefire.booter.ForkedBooter.main(ForkedBooter.java:74)
]]>
            </full-stacktrace>
          </exception> <!-- java.lang.NullPointerException -->
          <reporter-output>
          </reporter-output>
        </test-method> <!-- springTestContextAfterTestMethod -->
        <test-method status="SKIP" signature="shouldAddItem()[pri:0, instance:com.vhealth.api.service.ItemAdminServiceTest@5ef75c3b]" name="shouldAddItem" duration-ms="0" started-at="2014-06-03T22:09:31Z" depends-on-methods="com.vhealth.api.service.ItemAdminServiceTest.shouldFindItemByName" finished-at="2014-06-03T22:09:31Z">
          <reporter-output>
          </reporter-output>
        </test-method> <!-- shouldAddItem -->
        <test-method status="SKIP" signature="shouldDeleteItem()[pri:0, instance:com.vhealth.api.service.ItemAdminServiceTest@5ef75c3b]" name="shouldDeleteItem" duration-ms="0" started-at="2014-06-03T22:09:31Z" depends-on-methods="com.vhealth.api.service.ItemAdminServiceTest.shouldAddItem" finished-at="2014-06-03T22:09:31Z">
          <reporter-output>
          </reporter-output>
        </test-method> <!-- shouldDeleteItem -->
        <test-method status="SKIP" signature="shouldUpdateItem()[pri:0, instance:com.vhealth.api.service.ItemAdminServiceTest@5ef75c3b]" name="shouldUpdateItem" duration-ms="2" started-at="2014-06-03T22:09:31Z" depends-on-methods="com.vhealth.api.service.ItemAdminServiceTest.shouldAddItem" finished-at="2014-06-03T22:09:31Z">
          <reporter-output>
          </reporter-output>
        </test-method> <!-- shouldUpdateItem -->
        <test-method status="PASS" signature="springTestContextAfterTestClass()[pri:0, instance:com.vhealth.api.service.ItemAdminServiceTest@5ef75c3b]" name="springTestContextAfterTestClass" is-config="true" duration-ms="5" started-at="2014-06-03T22:09:31Z" finished-at="2014-06-03T22:09:31Z">
          <reporter-output>
          </reporter-output>
        </test-method> <!-- springTestContextAfterTestClass -->
      </class> <!-- com.vhealth.api.service.ItemAdminServiceTest -->
    </test> <!-- Command line test -->
  </suite> <!-- Command line suite -->
</testng-results>
